# JRE version: OpenJDK Runtime Environment (11.0.12+7) (build 11.0.12+7-b1504.28-7817840)
# Java VM: OpenJDK 64-Bit Server VM (11.0.12+7-b1504.28-7817840, mixed mode, tiered, compressed oops, g1 gc, windows-amd64)
Heap:
 garbage-first heap   total 157696K, used 103203K [0x0000000080000000, 0x0000000100000000)
  region size 1024K, 58 young (59392K), 7 survivors (7168K)
 Metaspace       used 66761K, capacity 68362K, committed 68520K, reserved 1110016K
  class space    used 8478K, capacity 9083K, committed 9112K, reserved 1048576K
GC Heap History (20 events):
Event: 1.824 GC heap before
{Heap before GC invocations=2 (full 0):
 garbage-first heap   total 131072K, used 36995K [0x0000000080000000, 0x0000000100000000)
  region size 1024K, 29 young (29696K), 2 survivors (2048K)
 Metaspace       used 11205K, capacity 11444K, committed 11520K, reserved 1058816K
  class space    used 1172K, capacity 1244K, committed 1280K, reserved 1048576K
}
Event: 1.828 GC heap after
{Heap after GC invocations=3 (full 0):
 garbage-first heap   total 131072K, used 10688K [0x0000000080000000, 0x0000000100000000)
  region size 1024K, 4 young (4096K), 4 survivors (4096K)
 Metaspace       used 11205K, capacity 11444K, committed 11520K, reserved 1058816K
  class space    used 1172K, capacity 1244K, committed 1280K, reserved 1048576K
}
Event: 4.322 GC heap before
{Heap before GC invocations=3 (full 0):
 garbage-first heap   total 131072K, used 52672K [0x0000000080000000, 0x0000000100000000)
  region size 1024K, 45 young (46080K), 4 survivors (4096K)
 Metaspace       used 17294K, capacity 17717K, committed 17792K, reserved 1064960K
  class space    used 2016K, capacity 2147K, committed 2176K, reserved 1048576K
}
Event: 4.332 GC heap after
{Heap after GC invocations=4 (full 0):
 garbage-first heap   total 131072K, used 15744K [0x0000000080000000, 0x0000000100000000)
  region size 1024K, 6 young (6144K), 6 survivors (6144K)
 Metaspace       used 17294K, capacity 17717K, committed 17792K, reserved 1064960K
  class space    used 2016K, capacity 2147K, committed 2176K, reserved 1048576K
}
Event: 5.281 GC heap before
{Heap before GC invocations=4 (full 0):
 garbage-first heap   total 131072K, used 49536K [0x0000000080000000, 0x0000000100000000)
  region size 1024K, 40 young (40960K), 6 survivors (6144K)
 Metaspace       used 20770K, capacity 21233K, committed 21296K, reserved 1069056K
  class space    used 2533K, capacity 2680K, committed 2688K, reserved 1048576K
}
Event: 5.290 GC heap after
{Heap after GC invocations=5 (full 0):
 garbage-first heap   total 131072K, used 17888K [0x0000000080000000, 0x0000000100000000)
  region size 1024K, 2 young (2048K), 2 survivors (2048K)
 Metaspace       used 20770K, capacity 21233K, committed 21296K, reserved 1069056K
  class space    used 2533K, capacity 2680K, committed 2688K, reserved 1048576K
}
Event: 6.794 GC heap before
{Heap before GC invocations=6 (full 0):
 garbage-first heap   total 131072K, used 73184K [0x0000000080000000, 0x0000000100000000)
  region size 1024K, 56 young (57344K), 2 survivors (2048K)
 Metaspace       used 26805K, capacity 27428K, committed 27772K, reserved 1073152K
  class space    used 3468K, capacity 3670K, committed 3788K, reserved 1048576K
}
Event: 6.802 GC heap after
{Heap after GC invocations=7 (full 0):
 garbage-first heap   total 131072K, used 19439K [0x0000000080000000, 0x0000000100000000)
  region size 1024K, 4 young (4096K), 4 survivors (4096K)
 Metaspace       used 26805K, capacity 27428K, committed 27772K, reserved 1073152K
  class space    used 3468K, capacity 3670K, committed 3788K, reserved 1048576K
}
Event: 8.562 GC heap before
{Heap before GC invocations=7 (full 0):
 garbage-first heap   total 131072K, used 75759K [0x0000000080000000, 0x0000000100000000)
  region size 1024K, 60 young (61440K), 4 survivors (4096K)
 Metaspace       used 35178K, capacity 35939K, committed 36048K, reserved 1081344K
  class space    used 4540K, capacity 4871K, committed 4940K, reserved 1048576K
}
Event: 8.579 GC heap after
{Heap after GC invocations=8 (full 0):
 garbage-first heap   total 131072K, used 22787K [0x0000000080000000, 0x0000000100000000)
  region size 1024K, 7 young (7168K), 7 survivors (7168K)
 Metaspace       used 35178K, capacity 35939K, committed 36048K, reserved 1081344K
  class space    used 4540K, capacity 4871K, committed 4940K, reserved 1048576K
}
Event: 10.393 GC heap before
{Heap before GC invocations=9 (full 0):
 garbage-first heap   total 131072K, used 94467K [0x0000000080000000, 0x0000000100000000)
  region size 1024K, 75 young (76800K), 7 survivors (7168K)
 Metaspace       used 40475K, capacity 41474K, committed 41808K, reserved 1085440K
  class space    used 5144K, capacity 5476K, committed 5580K, reserved 1048576K
}
Event: 10.416 GC heap after
{Heap after GC invocations=10 (full 0):
 garbage-first heap   total 157696K, used 28012K [0x0000000080000000, 0x0000000100000000)
  region size 1024K, 9 young (9216K), 9 survivors (9216K)
 Metaspace       used 40475K, capacity 41474K, committed 41808K, reserved 1085440K
  class space    used 5144K, capacity 5476K, committed 5580K, reserved 1048576K
}
Event: 14.062 GC heap before
{Heap before GC invocations=10 (full 0):
 garbage-first heap   total 157696K, used 109932K [0x0000000080000000, 0x0000000100000000)
  region size 1024K, 89 young (91136K), 9 survivors (9216K)
 Metaspace       used 47604K, capacity 48809K, committed 48976K, reserved 1091584K
  class space    used 6114K, capacity 6550K, committed 6604K, reserved 1048576K
}
Event: 14.091 GC heap after
{Heap after GC invocations=11 (full 0):
 garbage-first heap   total 157696K, used 31060K [0x0000000080000000, 0x0000000100000000)
  region size 1024K, 9 young (9216K), 9 survivors (9216K)
 Metaspace       used 47604K, capacity 48809K, committed 48976K, reserved 1091584K
  class space    used 6114K, capacity 6550K, committed 6604K, reserved 1048576K
}
Event: 20.643 GC heap before
{Heap before GC invocations=11 (full 0):
 garbage-first heap   total 157696K, used 119124K [0x0000000080000000, 0x0000000100000000)
  region size 1024K, 92 young (94208K), 9 survivors (9216K)
 Metaspace       used 54097K, capacity 55479K, committed 55760K, reserved 1097728K
  class space    used 6938K, capacity 7431K, committed 7500K, reserved 1048576K
}
Event: 20.663 GC heap after
{Heap after GC invocations=12 (full 0):
 garbage-first heap   total 157696K, used 44318K [0x0000000080000000, 0x0000000100000000)
  region size 1024K, 12 young (12288K), 12 survivors (12288K)
 Metaspace       used 54097K, capacity 55479K, committed 55760K, reserved 1097728K
  class space    used 6938K, capacity 7431K, committed 7500K, reserved 1048576K
}
Event: 21.932 GC heap before
{Heap before GC invocations=12 (full 0):
 garbage-first heap   total 157696K, used 78110K [0x0000000080000000, 0x0000000100000000)
  region size 1024K, 46 young (47104K), 12 survivors (12288K)
 Metaspace       used 59062K, capacity 60451K, committed 60508K, reserved 1101824K
  class space    used 7487K, capacity 7996K, committed 8012K, reserved 1048576K
}
Event: 21.957 GC heap after
{Heap after GC invocations=13 (full 0):
 garbage-first heap   total 157696K, used 47032K [0x0000000080000000, 0x0000000100000000)
  region size 1024K, 3 young (3072K), 3 survivors (3072K)
 Metaspace       used 59062K, capacity 60451K, committed 60508K, reserved 1101824K
  class space    used 7487K, capacity 7996K, committed 8012K, reserved 1048576K
}
Event: 23.949 GC heap before
{Heap before GC invocations=14 (full 0):
 garbage-first heap   total 157696K, used 103352K [0x0000000080000000, 0x0000000100000000)
  region size 1024K, 59 young (60416K), 3 survivors (3072K)
 Metaspace       used 65131K, capacity 66670K, committed 66728K, reserved 1107968K
  class space    used 8225K, capacity 8805K, committed 8856K, reserved 1048576K
}
Event: 23.962 GC heap after
{Heap after GC invocations=15 (full 0):
 garbage-first heap   total 157696K, used 50979K [0x0000000080000000, 0x0000000100000000)
  region size 1024K, 7 young (7168K), 7 survivors (7168K)
 Metaspace       used 65131K, capacity 66670K, committed 66728K, reserved 1107968K
  class space    used 8225K, capacity 8805K, committed 8856K, reserved 1048576K
}

