# JRE version: OpenJDK Runtime Environment (11.0.12+7) (build 11.0.12+7-b1504.28-7817840)
# Java VM: OpenJDK 64-Bit Server VM (11.0.12+7-b1504.28-7817840, mixed mode, tiered, compressed oops, g1 gc, windows-amd64)
Heap:
 garbage-first heap   total 131072K, used 29362K [0x0000000080000000, 0x0000000100000000)
  region size 1024K, 11 young (11264K), 9 survivors (9216K)
 Metaspace       used 40163K, capacity 41027K, committed 41168K, reserved 1085440K
  class space    used 5113K, capacity 5434K, committed 5452K, reserved 1048576K
GC Heap History (14 events):
Event: 1.176 GC heap before
{Heap before GC invocations=0 (full 0):
 garbage-first heap   total 131072K, used 16384K [0x0000000080000000, 0x0000000100000000)
  region size 1024K, 14 young (14336K), 0 survivors (0K)
 Metaspace       used 6729K, capacity 6921K, committed 7168K, reserved 1056768K
  class space    used 582K, capacity 650K, committed 768K, reserved 1048576K
}
Event: 1.183 GC heap after
{Heap after GC invocations=1 (full 0):
 garbage-first heap   total 131072K, used 4208K [0x0000000080000000, 0x0000000100000000)
  region size 1024K, 2 young (2048K), 2 survivors (2048K)
 Metaspace       used 6729K, capacity 6921K, committed 7168K, reserved 1056768K
  class space    used 582K, capacity 650K, committed 768K, reserved 1048576K
}
Event: 1.977 GC heap before
{Heap before GC invocations=1 (full 0):
 garbage-first heap   total 131072K, used 19568K [0x0000000080000000, 0x0000000100000000)
  region size 1024K, 14 young (14336K), 2 survivors (2048K)
 Metaspace       used 10242K, capacity 10549K, committed 10624K, reserved 1058816K
  class space    used 1070K, capacity 1139K, committed 1152K, reserved 1048576K
}
Event: 1.982 GC heap after
{Heap after GC invocations=2 (full 0):
 garbage-first heap   total 131072K, used 9384K [0x0000000080000000, 0x0000000100000000)
  region size 1024K, 2 young (2048K), 2 survivors (2048K)
 Metaspace       used 10242K, capacity 10549K, committed 10624K, reserved 1058816K
  class space    used 1070K, capacity 1139K, committed 1152K, reserved 1048576K
}
Event: 2.885 GC heap before
{Heap before GC invocations=2 (full 0):
 garbage-first heap   total 131072K, used 38056K [0x0000000080000000, 0x0000000100000000)
  region size 1024K, 30 young (30720K), 2 survivors (2048K)
 Metaspace       used 11216K, capacity 11504K, committed 11776K, reserved 1060864K
  class space    used 1173K, capacity 1244K, committed 1280K, reserved 1048576K
}
Event: 2.891 GC heap after
{Heap after GC invocations=3 (full 0):
 garbage-first heap   total 131072K, used 11990K [0x0000000080000000, 0x0000000100000000)
  region size 1024K, 4 young (4096K), 4 survivors (4096K)
 Metaspace       used 11216K, capacity 11504K, committed 11776K, reserved 1060864K
  class space    used 1173K, capacity 1244K, committed 1280K, reserved 1048576K
}
Event: 6.402 GC heap before
{Heap before GC invocations=3 (full 0):
 garbage-first heap   total 131072K, used 54998K [0x0000000080000000, 0x0000000100000000)
  region size 1024K, 45 young (46080K), 4 survivors (4096K)
 Metaspace       used 17436K, capacity 17873K, committed 18176K, reserved 1064960K
  class space    used 2040K, capacity 2179K, committed 2304K, reserved 1048576K
}
Event: 6.411 GC heap after
{Heap after GC invocations=4 (full 0):
 garbage-first heap   total 131072K, used 16565K [0x0000000080000000, 0x0000000100000000)
  region size 1024K, 6 young (6144K), 6 survivors (6144K)
 Metaspace       used 17436K, capacity 17873K, committed 18176K, reserved 1064960K
  class space    used 2040K, capacity 2179K, committed 2304K, reserved 1048576K
}
Event: 7.108 GC heap before
{Heap before GC invocations=4 (full 0):
 garbage-first heap   total 131072K, used 48309K [0x0000000080000000, 0x0000000100000000)
  region size 1024K, 38 young (38912K), 6 survivors (6144K)
 Metaspace       used 20796K, capacity 21229K, committed 21296K, reserved 1069056K
  class space    used 2532K, capacity 2680K, committed 2688K, reserved 1048576K
}
Event: 7.117 GC heap after
{Heap after GC invocations=5 (full 0):
 garbage-first heap   total 131072K, used 17776K [0x0000000080000000, 0x0000000100000000)
  region size 1024K, 2 young (2048K), 2 survivors (2048K)
 Metaspace       used 20796K, capacity 21229K, committed 21296K, reserved 1069056K
  class space    used 2532K, capacity 2680K, committed 2688K, reserved 1048576K
}
Event: 8.829 GC heap before
{Heap before GC invocations=6 (full 0):
 garbage-first heap   total 131072K, used 67952K [0x0000000080000000, 0x0000000100000000)
  region size 1024K, 51 young (52224K), 2 survivors (2048K)
 Metaspace       used 26025K, capacity 26641K, committed 26876K, reserved 1073152K
  class space    used 3341K, capacity 3553K, committed 3660K, reserved 1048576K
}
Event: 8.842 GC heap after
{Heap after GC invocations=7 (full 0):
 garbage-first heap   total 131072K, used 19509K [0x0000000080000000, 0x0000000100000000)
  region size 1024K, 3 young (3072K), 3 survivors (3072K)
 Metaspace       used 26025K, capacity 26641K, committed 26876K, reserved 1073152K
  class space    used 3341K, capacity 3553K, committed 3660K, reserved 1048576K
}
Event: 10.954 GC heap before
{Heap before GC invocations=7 (full 0):
 garbage-first heap   total 131072K, used 80949K [0x0000000080000000, 0x0000000100000000)
  region size 1024K, 64 young (65536K), 3 survivors (3072K)
 Metaspace       used 35155K, capacity 35903K, committed 36048K, reserved 1081344K
  class space    used 4532K, capacity 4839K, committed 4940K, reserved 1048576K
}
Event: 10.971 GC heap after
{Heap after GC invocations=8 (full 0):
 garbage-first heap   total 131072K, used 22859K [0x0000000080000000, 0x0000000100000000)
  region size 1024K, 7 young (7168K), 7 survivors (7168K)
 Metaspace       used 35155K, capacity 35903K, committed 36048K, reserved 1081344K
  class space    used 4532K, capacity 4839K, committed 4940K, reserved 1048576K
}

