# JRE version: OpenJDK Runtime Environment (11.0.12+7) (build 11.0.12+7-b1504.28-7817840)
# Java VM: OpenJDK 64-Bit Server VM (11.0.12+7-b1504.28-7817840, mixed mode, tiered, compressed oops, g1 gc, windows-amd64)
Heap:
 garbage-first heap   total 189440K, used 140886K [0x0000000080000000, 0x0000000100000000)
  region size 1024K, 28 young (28672K), 3 survivors (3072K)
 Metaspace       used 126654K, capacity 130156K, committed 130856K, reserved 1163264K
  class space    used 15767K, capacity 17091K, committed 17356K, reserved 1048576K
GC Heap History (20 events):
Event: 176.023 GC heap before
{Heap before GC invocations=68 (full 0):
 garbage-first heap   total 157696K, used 137496K [0x0000000080000000, 0x0000000100000000)
  region size 1024K, 7 young (7168K), 1 survivors (1024K)
 Metaspace       used 120134K, capacity 123764K, committed 123944K, reserved 1157120K
  class space    used 15355K, capacity 16736K, committed 16844K, reserved 1048576K
}
Event: 176.030 GC heap after
{Heap after GC invocations=69 (full 0):
 garbage-first heap   total 157696K, used 134101K [0x0000000080000000, 0x0000000100000000)
  region size 1024K, 1 young (1024K), 1 survivors (1024K)
 Metaspace       used 120134K, capacity 123764K, committed 123944K, reserved 1157120K
  class space    used 15355K, capacity 16736K, committed 16844K, reserved 1048576K
}
Event: 176.329 GC heap before
{Heap before GC invocations=69 (full 0):
 garbage-first heap   total 157696K, used 139221K [0x0000000080000000, 0x0000000100000000)
  region size 1024K, 7 young (7168K), 1 survivors (1024K)
 Metaspace       used 120499K, capacity 124073K, committed 124200K, reserved 1157120K
  class space    used 15407K, capacity 16772K, committed 16844K, reserved 1048576K
}
Event: 176.340 GC heap after
{Heap after GC invocations=70 (full 0):
 garbage-first heap   total 157696K, used 136954K [0x0000000080000000, 0x0000000100000000)
  region size 1024K, 1 young (1024K), 1 survivors (1024K)
 Metaspace       used 120499K, capacity 124073K, committed 124200K, reserved 1157120K
  class space    used 15407K, capacity 16772K, committed 16844K, reserved 1048576K
}
Event: 176.656 GC heap before
{Heap before GC invocations=70 (full 0):
 garbage-first heap   total 157696K, used 142074K [0x0000000080000000, 0x0000000100000000)
  region size 1024K, 7 young (7168K), 1 survivors (1024K)
 Metaspace       used 120603K, capacity 124163K, committed 124456K, reserved 1157120K
  class space    used 15407K, capacity 16772K, committed 16844K, reserved 1048576K
}
Event: 176.662 GC heap after
{Heap after GC invocations=71 (full 0):
 garbage-first heap   total 157696K, used 138816K [0x0000000080000000, 0x0000000100000000)
  region size 1024K, 1 young (1024K), 1 survivors (1024K)
 Metaspace       used 120603K, capacity 124163K, committed 124456K, reserved 1157120K
  class space    used 15407K, capacity 16772K, committed 16844K, reserved 1048576K
}
Event: 177.430 GC heap before
{Heap before GC invocations=72 (full 0):
 garbage-first heap   total 157696K, used 142912K [0x0000000080000000, 0x0000000100000000)
  region size 1024K, 7 young (7168K), 1 survivors (1024K)
 Metaspace       used 120087K, capacity 123404K, committed 124456K, reserved 1157120K
  class space    used 15207K, capacity 16425K, committed 16844K, reserved 1048576K
}
Event: 177.436 GC heap after
{Heap after GC invocations=73 (full 0):
 garbage-first heap   total 189440K, used 134258K [0x0000000080000000, 0x0000000100000000)
  region size 1024K, 1 young (1024K), 1 survivors (1024K)
 Metaspace       used 120087K, capacity 123404K, committed 124456K, reserved 1157120K
  class space    used 15207K, capacity 16425K, committed 16844K, reserved 1048576K
}
Event: 179.737 GC heap before
{Heap before GC invocations=73 (full 0):
 garbage-first heap   total 189440K, used 142450K [0x0000000080000000, 0x0000000100000000)
  region size 1024K, 9 young (9216K), 1 survivors (1024K)
 Metaspace       used 120930K, capacity 124205K, committed 125352K, reserved 1157120K
  class space    used 15305K, capacity 16544K, committed 16972K, reserved 1048576K
}
Event: 179.743 GC heap after
{Heap after GC invocations=74 (full 0):
 garbage-first heap   total 189440K, used 113872K [0x0000000080000000, 0x0000000100000000)
  region size 1024K, 1 young (1024K), 1 survivors (1024K)
 Metaspace       used 120930K, capacity 124205K, committed 125352K, reserved 1157120K
  class space    used 15305K, capacity 16544K, committed 16972K, reserved 1048576K
}
Event: 186.142 GC heap before
{Heap before GC invocations=74 (full 0):
 garbage-first heap   total 189440K, used 142544K [0x0000000080000000, 0x0000000100000000)
  region size 1024K, 9 young (9216K), 1 survivors (1024K)
 Metaspace       used 121665K, capacity 124976K, committed 125992K, reserved 1159168K
  class space    used 15424K, capacity 16675K, committed 17100K, reserved 1048576K
}
Event: 186.154 GC heap after
{Heap after GC invocations=75 (full 0):
 garbage-first heap   total 189440K, used 107197K [0x0000000080000000, 0x0000000100000000)
  region size 1024K, 1 young (1024K), 1 survivors (1024K)
 Metaspace       used 121665K, capacity 124976K, committed 125992K, reserved 1159168K
  class space    used 15424K, capacity 16675K, committed 17100K, reserved 1048576K
}
Event: 418.200 GC heap before
{Heap before GC invocations=75 (full 0):
 garbage-first heap   total 189440K, used 133821K [0x0000000080000000, 0x0000000100000000)
  region size 1024K, 28 young (28672K), 1 survivors (1024K)
 Metaspace       used 125437K, capacity 128740K, committed 129576K, reserved 1161216K
  class space    used 15733K, capacity 17032K, committed 17356K, reserved 1048576K
}
Event: 418.216 GC heap after
{Heap after GC invocations=76 (full 0):
 garbage-first heap   total 189440K, used 107367K [0x0000000080000000, 0x0000000100000000)
  region size 1024K, 2 young (2048K), 2 survivors (2048K)
 Metaspace       used 125437K, capacity 128740K, committed 129576K, reserved 1161216K
  class space    used 15733K, capacity 17032K, committed 17356K, reserved 1048576K
}
Event: 434.782 GC heap before
{Heap before GC invocations=76 (full 0):
 garbage-first heap   total 189440K, used 137063K [0x0000000080000000, 0x0000000100000000)
  region size 1024K, 32 young (32768K), 2 survivors (2048K)
 Metaspace       used 125859K, capacity 129270K, committed 130088K, reserved 1163264K
  class space    used 15738K, capacity 17041K, committed 17356K, reserved 1048576K
}
Event: 434.792 GC heap after
{Heap after GC invocations=77 (full 0):
 garbage-first heap   total 189440K, used 111201K [0x0000000080000000, 0x0000000100000000)
  region size 1024K, 4 young (4096K), 4 survivors (4096K)
 Metaspace       used 125859K, capacity 129270K, committed 130088K, reserved 1163264K
  class space    used 15738K, capacity 17041K, committed 17356K, reserved 1048576K
}
Event: 436.648 GC heap before
{Heap before GC invocations=77 (full 0):
 garbage-first heap   total 189440K, used 140897K [0x0000000080000000, 0x0000000100000000)
  region size 1024K, 34 young (34816K), 4 survivors (4096K)
 Metaspace       used 126226K, capacity 129662K, committed 130344K, reserved 1163264K
  class space    used 15744K, capacity 17053K, committed 17356K, reserved 1048576K
}
Event: 436.671 GC heap after
{Heap after GC invocations=78 (full 0):
 garbage-first heap   total 189440K, used 114027K [0x0000000080000000, 0x0000000100000000)
  region size 1024K, 3 young (3072K), 3 survivors (3072K)
 Metaspace       used 126226K, capacity 129662K, committed 130344K, reserved 1163264K
  class space    used 15744K, capacity 17053K, committed 17356K, reserved 1048576K
}
Event: 526.423 GC heap before
{Heap before GC invocations=78 (full 0):
 garbage-first heap   total 189440K, used 143723K [0x0000000080000000, 0x0000000100000000)
  region size 1024K, 33 young (33792K), 3 survivors (3072K)
 Metaspace       used 126431K, capacity 129770K, committed 130344K, reserved 1163264K
  class space    used 15759K, capacity 17077K, committed 17356K, reserved 1048576K
}
Event: 526.433 GC heap after
{Heap after GC invocations=79 (full 0):
 garbage-first heap   total 189440K, used 116310K [0x0000000080000000, 0x0000000100000000)
  region size 1024K, 3 young (3072K), 3 survivors (3072K)
 Metaspace       used 126431K, capacity 129770K, committed 130344K, reserved 1163264K
  class space    used 15759K, capacity 17077K, committed 17356K, reserved 1048576K
}

