# JRE version: OpenJDK Runtime Environment (11.0.12+7) (build 11.0.12+7-b1504.28-7817840)
# Java VM: OpenJDK 64-Bit Server VM (11.0.12+7-b1504.28-7817840, mixed mode, tiered, compressed oops, g1 gc, windows-amd64)
Heap:
 garbage-first heap   total 353280K, used 187171K [0x0000000080000000, 0x0000000100000000)
  region size 1024K, 24 young (24576K), 4 survivors (4096K)
 Metaspace       used 106957K, capacity 109661K, committed 109944K, reserved 1144832K
  class space    used 13720K, capacity 14758K, committed 14968K, reserved 1048576K
GC Heap History (20 events):
Event: 62.904 GC heap before
{Heap before GC invocations=42 (full 0):
 garbage-first heap   total 189440K, used 145100K [0x0000000080000000, 0x0000000100000000)
  region size 1024K, 26 young (26624K), 2 survivors (2048K)
 Metaspace       used 99589K, capacity 101929K, committed 102392K, reserved 1138688K
  class space    used 12785K, capacity 13661K, committed 13816K, reserved 1048576K
}
Event: 62.925 GC heap after
{Heap after GC invocations=43 (full 0):
 garbage-first heap   total 189440K, used 125368K [0x0000000080000000, 0x0000000100000000)
  region size 1024K, 4 young (4096K), 4 survivors (4096K)
 Metaspace       used 99589K, capacity 101929K, committed 102392K, reserved 1138688K
  class space    used 12785K, capacity 13661K, committed 13816K, reserved 1048576K
}
Event: 63.169 GC heap before
{Heap before GC invocations=44 (full 0):
 garbage-first heap   total 189440K, used 147896K [0x0000000080000000, 0x0000000100000000)
  region size 1024K, 27 young (27648K), 4 survivors (4096K)
 Metaspace       used 99635K, capacity 101994K, committed 102392K, reserved 1138688K
  class space    used 12790K, capacity 13661K, committed 13816K, reserved 1048576K
}
Event: 63.196 GC heap after
{Heap after GC invocations=45 (full 0):
 garbage-first heap   total 189440K, used 130048K [0x0000000080000000, 0x0000000100000000)
  region size 1024K, 4 young (4096K), 4 survivors (4096K)
 Metaspace       used 99635K, capacity 101994K, committed 102392K, reserved 1138688K
  class space    used 12790K, capacity 13661K, committed 13816K, reserved 1048576K
}
Event: 64.029 GC heap before
{Heap before GC invocations=45 (full 0):
 garbage-first heap   total 189440K, used 152576K [0x0000000080000000, 0x0000000100000000)
  region size 1024K, 26 young (26624K), 4 survivors (4096K)
 Metaspace       used 101399K, capacity 104010K, committed 104312K, reserved 1138688K
  class space    used 13091K, capacity 14089K, committed 14200K, reserved 1048576K
}
Event: 64.049 GC heap after
{Heap after GC invocations=46 (full 0):
 garbage-first heap   total 189440K, used 133505K [0x0000000080000000, 0x0000000100000000)
  region size 1024K, 4 young (4096K), 4 survivors (4096K)
 Metaspace       used 101399K, capacity 104010K, committed 104312K, reserved 1138688K
  class space    used 13091K, capacity 14089K, committed 14200K, reserved 1048576K
}
Event: 64.371 GC heap before
{Heap before GC invocations=46 (full 0):
 garbage-first heap   total 189440K, used 155009K [0x0000000080000000, 0x0000000100000000)
  region size 1024K, 25 young (25600K), 4 survivors (4096K)
 Metaspace       used 101405K, capacity 104014K, committed 104312K, reserved 1138688K
  class space    used 13091K, capacity 14089K, committed 14200K, reserved 1048576K
}
Event: 64.391 GC heap after
{Heap after GC invocations=47 (full 0):
 garbage-first heap   total 235520K, used 137601K [0x0000000080000000, 0x0000000100000000)
  region size 1024K, 4 young (4096K), 4 survivors (4096K)
 Metaspace       used 101405K, capacity 104014K, committed 104312K, reserved 1138688K
  class space    used 13091K, capacity 14089K, committed 14200K, reserved 1048576K
}
Event: 64.829 GC heap before
{Heap before GC invocations=47 (full 0):
 garbage-first heap   total 235520K, used 172417K [0x0000000080000000, 0x0000000100000000)
  region size 1024K, 38 young (38912K), 4 survivors (4096K)
 Metaspace       used 101410K, capacity 104011K, committed 104312K, reserved 1138688K
  class space    used 13091K, capacity 14088K, committed 14200K, reserved 1048576K
}
Event: 64.854 GC heap after
{Heap after GC invocations=48 (full 0):
 garbage-first heap   total 235520K, used 143827K [0x0000000080000000, 0x0000000100000000)
  region size 1024K, 5 young (5120K), 5 survivors (5120K)
 Metaspace       used 101410K, capacity 104011K, committed 104312K, reserved 1138688K
  class space    used 13091K, capacity 14088K, committed 14200K, reserved 1048576K
}
Event: 65.243 GC heap before
{Heap before GC invocations=49 (full 0):
 garbage-first heap   total 235520K, used 178643K [0x0000000080000000, 0x0000000100000000)
  region size 1024K, 39 young (39936K), 5 survivors (5120K)
 Metaspace       used 101445K, capacity 104066K, committed 104312K, reserved 1138688K
  class space    used 13101K, capacity 14128K, committed 14200K, reserved 1048576K
}
Event: 65.273 GC heap after
{Heap after GC invocations=50 (full 0):
 garbage-first heap   total 235520K, used 150528K [0x0000000080000000, 0x0000000100000000)
  region size 1024K, 5 young (5120K), 5 survivors (5120K)
 Metaspace       used 101445K, capacity 104066K, committed 104312K, reserved 1138688K
  class space    used 13101K, capacity 14128K, committed 14200K, reserved 1048576K
}
Event: 65.796 GC heap before
{Heap before GC invocations=50 (full 0):
 garbage-first heap   total 235520K, used 184320K [0x0000000080000000, 0x0000000100000000)
  region size 1024K, 38 young (38912K), 5 survivors (5120K)
 Metaspace       used 102209K, capacity 104878K, committed 104952K, reserved 1140736K
  class space    used 13251K, capacity 14292K, committed 14328K, reserved 1048576K
}
Event: 65.820 GC heap after
{Heap after GC invocations=51 (full 0):
 garbage-first heap   total 235520K, used 156525K [0x0000000080000000, 0x0000000100000000)
  region size 1024K, 5 young (5120K), 5 survivors (5120K)
 Metaspace       used 102209K, capacity 104878K, committed 104952K, reserved 1140736K
  class space    used 13251K, capacity 14292K, committed 14328K, reserved 1048576K
}
Event: 66.850 GC heap before
{Heap before GC invocations=51 (full 0):
 garbage-first heap   total 235520K, used 189293K [0x0000000080000000, 0x0000000100000000)
  region size 1024K, 37 young (37888K), 5 survivors (5120K)
 Metaspace       used 103099K, capacity 105657K, committed 106232K, reserved 1140736K
  class space    used 13335K, capacity 14283K, committed 14584K, reserved 1048576K
}
Event: 66.888 GC heap after
{Heap after GC invocations=52 (full 0):
 garbage-first heap   total 353280K, used 163359K [0x0000000080000000, 0x0000000100000000)
  region size 1024K, 5 young (5120K), 5 survivors (5120K)
 Metaspace       used 103099K, capacity 105657K, committed 106232K, reserved 1140736K
  class space    used 13335K, capacity 14283K, committed 14584K, reserved 1048576K
}
Event: 70.032 GC heap before
{Heap before GC invocations=53 (full 0):
 garbage-first heap   total 353280K, used 227871K [0x0000000080000000, 0x0000000100000000)
  region size 1024K, 69 young (70656K), 5 survivors (5120K)
 Metaspace       used 106051K, capacity 108757K, committed 109048K, reserved 1142784K
  class space    used 13669K, capacity 14704K, committed 14840K, reserved 1048576K
}
Event: 70.055 GC heap after
{Heap after GC invocations=54 (full 0):
 garbage-first heap   total 353280K, used 166782K [0x0000000080000000, 0x0000000100000000)
  region size 1024K, 3 young (3072K), 3 survivors (3072K)
 Metaspace       used 106051K, capacity 108757K, committed 109048K, reserved 1142784K
  class space    used 13669K, capacity 14704K, committed 14840K, reserved 1048576K
}
Event: 71.639 GC heap before
{Heap before GC invocations=54 (full 0):
 garbage-first heap   total 353280K, used 236414K [0x0000000080000000, 0x0000000100000000)
  region size 1024K, 71 young (72704K), 3 survivors (3072K)
 Metaspace       used 106808K, capacity 109534K, committed 109944K, reserved 1144832K
  class space    used 13717K, capacity 14763K, committed 14968K, reserved 1048576K
}
Event: 71.651 GC heap after
{Heap after GC invocations=55 (full 0):
 garbage-first heap   total 353280K, used 167111K [0x0000000080000000, 0x0000000100000000)
  region size 1024K, 4 young (4096K), 4 survivors (4096K)
 Metaspace       used 106808K, capacity 109534K, committed 109944K, reserved 1144832K
  class space    used 13717K, capacity 14763K, committed 14968K, reserved 1048576K
}

