# JRE version: OpenJDK Runtime Environment (11.0.12+7) (build 11.0.12+7-b1504.28-7817840)
# Java VM: OpenJDK 64-Bit Server VM (11.0.12+7-b1504.28-7817840, mixed mode, tiered, compressed oops, g1 gc, windows-amd64)
Heap:
 garbage-first heap   total 196608K, used 42418K [0x0000000080000000, 0x0000000100000000)
  region size 1024K, 27 young (27648K), 13 survivors (13312K)
 Metaspace       used 44678K, capacity 45679K, committed 45852K, reserved 1089536K
  class space    used 5696K, capacity 6059K, committed 6092K, reserved 1048576K
GC Heap History (14 events):
Event: 21.997 GC heap before
{Heap before GC invocations=0 (full 0):
 garbage-first heap   total 196608K, used 16384K [0x0000000080000000, 0x0000000100000000)
  region size 1024K, 14 young (14336K), 0 survivors (0K)
 Metaspace       used 6722K, capacity 6921K, committed 7168K, reserved 1056768K
  class space    used 582K, capacity 650K, committed 768K, reserved 1048576K
}
Event: 22.001 GC heap after
{Heap after GC invocations=1 (full 0):
 garbage-first heap   total 196608K, used 4165K [0x0000000080000000, 0x0000000100000000)
  region size 1024K, 2 young (2048K), 2 survivors (2048K)
 Metaspace       used 6722K, capacity 6921K, committed 7168K, reserved 1056768K
  class space    used 582K, capacity 650K, committed 768K, reserved 1048576K
}
Event: 24.423 GC heap before
{Heap before GC invocations=1 (full 0):
 garbage-first heap   total 196608K, used 18501K [0x0000000080000000, 0x0000000100000000)
  region size 1024K, 13 young (13312K), 2 survivors (2048K)
 Metaspace       used 10207K, capacity 10485K, committed 10624K, reserved 1058816K
  class space    used 1068K, capacity 1139K, committed 1152K, reserved 1048576K
}
Event: 24.427 GC heap after
{Heap after GC invocations=2 (full 0):
 garbage-first heap   total 196608K, used 9412K [0x0000000080000000, 0x0000000100000000)
  region size 1024K, 2 young (2048K), 2 survivors (2048K)
 Metaspace       used 10207K, capacity 10485K, committed 10624K, reserved 1058816K
  class space    used 1068K, capacity 1139K, committed 1152K, reserved 1048576K
}
Event: 32.300 GC heap before
{Heap before GC invocations=2 (full 0):
 garbage-first heap   total 196608K, used 38084K [0x0000000080000000, 0x0000000100000000)
  region size 1024K, 30 young (30720K), 2 survivors (2048K)
 Metaspace       used 11214K, capacity 11440K, committed 11520K, reserved 1058816K
  class space    used 1172K, capacity 1244K, committed 1280K, reserved 1048576K
}
Event: 32.304 GC heap after
{Heap after GC invocations=3 (full 0):
 garbage-first heap   total 196608K, used 10927K [0x0000000080000000, 0x0000000100000000)
  region size 1024K, 4 young (4096K), 4 survivors (4096K)
 Metaspace       used 11214K, capacity 11440K, committed 11520K, reserved 1058816K
  class space    used 1172K, capacity 1244K, committed 1280K, reserved 1048576K
}
Event: 47.528 GC heap before
{Heap before GC invocations=3 (full 0):
 garbage-first heap   total 196608K, used 53935K [0x0000000080000000, 0x0000000100000000)
  region size 1024K, 46 young (47104K), 4 survivors (4096K)
 Metaspace       used 17307K, capacity 17713K, committed 17792K, reserved 1064960K
  class space    used 2014K, capacity 2147K, committed 2176K, reserved 1048576K
}
Event: 47.539 GC heap after
{Heap after GC invocations=4 (full 0):
 garbage-first heap   total 196608K, used 15805K [0x0000000080000000, 0x0000000100000000)
  region size 1024K, 6 young (6144K), 6 survivors (6144K)
 Metaspace       used 17307K, capacity 17713K, committed 17792K, reserved 1064960K
  class space    used 2014K, capacity 2147K, committed 2176K, reserved 1048576K
}
Event: 48.494 GC heap before
{Heap before GC invocations=4 (full 0):
 garbage-first heap   total 196608K, used 48573K [0x0000000080000000, 0x0000000100000000)
  region size 1024K, 40 young (40960K), 6 survivors (6144K)
 Metaspace       used 20787K, capacity 21229K, committed 21296K, reserved 1069056K
  class space    used 2530K, capacity 2680K, committed 2688K, reserved 1048576K
}
Event: 48.505 GC heap after
{Heap after GC invocations=5 (full 0):
 garbage-first heap   total 196608K, used 17524K [0x0000000080000000, 0x0000000100000000)
  region size 1024K, 2 young (2048K), 2 survivors (2048K)
 Metaspace       used 20787K, capacity 21229K, committed 21296K, reserved 1069056K
  class space    used 2530K, capacity 2680K, committed 2688K, reserved 1048576K
}
Event: 50.298 GC heap before
{Heap before GC invocations=6 (full 0):
 garbage-first heap   total 196608K, used 78964K [0x0000000080000000, 0x0000000100000000)
  region size 1024K, 62 young (63488K), 2 survivors (2048K)
 Metaspace       used 27244K, capacity 27881K, committed 28080K, reserved 1073152K
  class space    used 3531K, capacity 3737K, committed 3840K, reserved 1048576K
}
Event: 50.307 GC heap after
{Heap after GC invocations=7 (full 0):
 garbage-first heap   total 196608K, used 19481K [0x0000000080000000, 0x0000000100000000)
  region size 1024K, 4 young (4096K), 4 survivors (4096K)
 Metaspace       used 27244K, capacity 27881K, committed 28080K, reserved 1073152K
  class space    used 3531K, capacity 3737K, committed 3840K, reserved 1048576K
}
Event: 52.072 GC heap before
{Heap before GC invocations=7 (full 0):
 garbage-first heap   total 196608K, used 70681K [0x0000000080000000, 0x0000000100000000)
  region size 1024K, 55 young (56320K), 4 survivors (4096K)
 Metaspace       used 35062K, capacity 35839K, committed 35920K, reserved 1081344K
  class space    used 4509K, capacity 4839K, committed 4864K, reserved 1048576K
}
Event: 52.090 GC heap after
{Heap after GC invocations=8 (full 0):
 garbage-first heap   total 196608K, used 22368K [0x0000000080000000, 0x0000000100000000)
  region size 1024K, 7 young (7168K), 7 survivors (7168K)
 Metaspace       used 35062K, capacity 35839K, committed 35920K, reserved 1081344K
  class space    used 4509K, capacity 4839K, committed 4864K, reserved 1048576K
}

