# JRE version: OpenJDK Runtime Environment (11.0.12+7) (build 11.0.12+7-b1504.28-7817840)
# Java VM: OpenJDK 64-Bit Server VM (11.0.12+7-b1504.28-7817840, mixed mode, tiered, compressed oops, g1 gc, windows-amd64)
Heap:
 garbage-first heap   total 227328K, used 122455K [0x0000000080000000, 0x0000000100000000)
  region size 1024K, 24 young (24576K), 7 survivors (7168K)
 Metaspace       used 99071K, capacity 101422K, committed 101616K, reserved 1138688K
  class space    used 12352K, capacity 13166K, committed 13260K, reserved 1048576K
GC Heap History (20 events):
Event: 28.746 GC heap before
{Heap before GC invocations=20 (full 0):
 garbage-first heap   total 189440K, used 146024K [0x0000000080000000, 0x0000000100000000)
  region size 1024K, 74 young (75776K), 5 survivors (5120K)
 Metaspace       used 86953K, capacity 89139K, committed 89456K, reserved 1126400K
  class space    used 11198K, capacity 12006K, committed 12108K, reserved 1048576K
}
Event: 28.781 GC heap after
{Heap after GC invocations=21 (full 0):
 garbage-first heap   total 189440K, used 94108K [0x0000000080000000, 0x0000000100000000)
  region size 1024K, 10 young (10240K), 10 survivors (10240K)
 Metaspace       used 86953K, capacity 89139K, committed 89456K, reserved 1126400K
  class space    used 11198K, capacity 12006K, committed 12108K, reserved 1048576K
}
Event: 29.416 GC heap before
{Heap before GC invocations=21 (full 0):
 garbage-first heap   total 189440K, used 111516K [0x0000000080000000, 0x0000000100000000)
  region size 1024K, 27 young (27648K), 10 survivors (10240K)
 Metaspace       used 87705K, capacity 89879K, committed 89968K, reserved 1128448K
  class space    used 11281K, capacity 12062K, committed 12108K, reserved 1048576K
}
Event: 29.463 GC heap after
{Heap after GC invocations=22 (full 0):
 garbage-first heap   total 227328K, used 97653K [0x0000000080000000, 0x0000000100000000)
  region size 1024K, 2 young (2048K), 2 survivors (2048K)
 Metaspace       used 87705K, capacity 89879K, committed 89968K, reserved 1128448K
  class space    used 11281K, capacity 12062K, committed 12108K, reserved 1048576K
}
Event: 30.814 GC heap before
{Heap before GC invocations=23 (full 0):
 garbage-first heap   total 227328K, used 140661K [0x0000000080000000, 0x0000000100000000)
  region size 1024K, 39 young (39936K), 2 survivors (2048K)
 Metaspace       used 87813K, capacity 90023K, committed 90224K, reserved 1128448K
  class space    used 11271K, capacity 12066K, committed 12108K, reserved 1048576K
}
Event: 30.837 GC heap after
{Heap after GC invocations=24 (full 0):
 garbage-first heap   total 227328K, used 105984K [0x0000000080000000, 0x0000000100000000)
  region size 1024K, 7 young (7168K), 7 survivors (7168K)
 Metaspace       used 87813K, capacity 90023K, committed 90224K, reserved 1128448K
  class space    used 11271K, capacity 12066K, committed 12108K, reserved 1048576K
}
Event: 31.906 GC heap before
{Heap before GC invocations=25 (full 0):
 garbage-first heap   total 227328K, used 172544K [0x0000000080000000, 0x0000000100000000)
  region size 1024K, 56 young (57344K), 7 survivors (7168K)
 Metaspace       used 90652K, capacity 92860K, committed 93040K, reserved 1130496K
  class space    used 11491K, capacity 12307K, committed 12364K, reserved 1048576K
}
Event: 31.941 GC heap after
{Heap after GC invocations=26 (full 0):
 garbage-first heap   total 227328K, used 114688K [0x0000000080000000, 0x0000000100000000)
  region size 1024K, 7 young (7168K), 7 survivors (7168K)
 Metaspace       used 90652K, capacity 92860K, committed 93040K, reserved 1130496K
  class space    used 11491K, capacity 12307K, committed 12364K, reserved 1048576K
}
Event: 32.631 GC heap before
{Heap before GC invocations=26 (full 0):
 garbage-first heap   total 227328K, used 162816K [0x0000000080000000, 0x0000000100000000)
  region size 1024K, 54 young (55296K), 7 survivors (7168K)
 Metaspace       used 92208K, capacity 94432K, committed 94704K, reserved 1132544K
  class space    used 11599K, capacity 12403K, committed 12492K, reserved 1048576K
}
Event: 32.653 GC heap after
{Heap after GC invocations=27 (full 0):
 garbage-first heap   total 227328K, used 124632K [0x0000000080000000, 0x0000000100000000)
  region size 1024K, 7 young (7168K), 7 survivors (7168K)
 Metaspace       used 92208K, capacity 94432K, committed 94704K, reserved 1132544K
  class space    used 11599K, capacity 12403K, committed 12492K, reserved 1048576K
}
Event: 34.167 GC heap before
{Heap before GC invocations=28 (full 0):
 garbage-first heap   total 227328K, used 151256K [0x0000000080000000, 0x0000000100000000)
  region size 1024K, 51 young (52224K), 7 survivors (7168K)
 Metaspace       used 92907K, capacity 95104K, committed 95472K, reserved 1132544K
  class space    used 11641K, capacity 12435K, committed 12492K, reserved 1048576K
}
Event: 34.179 GC heap after
{Heap after GC invocations=29 (full 0):
 garbage-first heap   total 227328K, used 105232K [0x0000000080000000, 0x0000000100000000)
  region size 1024K, 2 young (2048K), 2 survivors (2048K)
 Metaspace       used 92907K, capacity 95104K, committed 95472K, reserved 1132544K
  class space    used 11641K, capacity 12435K, committed 12492K, reserved 1048576K
}
Event: 34.616 GC heap before
{Heap before GC invocations=29 (full 0):
 garbage-first heap   total 227328K, used 113424K [0x0000000080000000, 0x0000000100000000)
  region size 1024K, 11 young (11264K), 2 survivors (2048K)
 Metaspace       used 93236K, capacity 95429K, committed 95600K, reserved 1132544K
  class space    used 11698K, capacity 12497K, committed 12620K, reserved 1048576K
}
Event: 34.623 GC heap after
{Heap after GC invocations=30 (full 0):
 garbage-first heap   total 227328K, used 96477K [0x0000000080000000, 0x0000000100000000)
  region size 1024K, 1 young (1024K), 1 survivors (1024K)
 Metaspace       used 93236K, capacity 95429K, committed 95600K, reserved 1132544K
  class space    used 11698K, capacity 12497K, committed 12620K, reserved 1048576K
}
Event: 36.610 GC heap before
{Heap before GC invocations=30 (full 0):
 garbage-first heap   total 227328K, used 154845K [0x0000000080000000, 0x0000000100000000)
  region size 1024K, 59 young (60416K), 1 survivors (1024K)
 Metaspace       used 94372K, capacity 96636K, committed 96880K, reserved 1134592K
  class space    used 11789K, capacity 12613K, committed 12620K, reserved 1048576K
}
Event: 36.619 GC heap after
{Heap after GC invocations=31 (full 0):
 garbage-first heap   total 227328K, used 100023K [0x0000000080000000, 0x0000000100000000)
  region size 1024K, 5 young (5120K), 5 survivors (5120K)
 Metaspace       used 94372K, capacity 96636K, committed 96880K, reserved 1134592K
  class space    used 11789K, capacity 12613K, committed 12620K, reserved 1048576K
}
Event: 37.658 GC heap before
{Heap before GC invocations=31 (full 0):
 garbage-first heap   total 227328K, used 160439K [0x0000000080000000, 0x0000000100000000)
  region size 1024K, 65 young (66560K), 5 survivors (5120K)
 Metaspace       used 97111K, capacity 99415K, committed 99568K, reserved 1136640K
  class space    used 12131K, capacity 12947K, committed 13004K, reserved 1048576K
}
Event: 37.674 GC heap after
{Heap after GC invocations=32 (full 0):
 garbage-first heap   total 227328K, used 102996K [0x0000000080000000, 0x0000000100000000)
  region size 1024K, 7 young (7168K), 7 survivors (7168K)
 Metaspace       used 97111K, capacity 99415K, committed 99568K, reserved 1136640K
  class space    used 12131K, capacity 12947K, committed 13004K, reserved 1048576K
}
Event: 38.764 GC heap before
{Heap before GC invocations=32 (full 0):
 garbage-first heap   total 227328K, used 165460K [0x0000000080000000, 0x0000000100000000)
  region size 1024K, 69 young (70656K), 7 survivors (7168K)
 Metaspace       used 98922K, capacity 101250K, committed 101360K, reserved 1138688K
  class space    used 12330K, capacity 13154K, committed 13260K, reserved 1048576K
}
Event: 38.785 GC heap after
{Heap after GC invocations=33 (full 0):
 garbage-first heap   total 227328K, used 107095K [0x0000000080000000, 0x0000000100000000)
  region size 1024K, 7 young (7168K), 7 survivors (7168K)
 Metaspace       used 98922K, capacity 101250K, committed 101360K, reserved 1138688K
  class space    used 12330K, capacity 13154K, committed 13260K, reserved 1048576K
}

