# JRE version: OpenJDK Runtime Environment (11.0.12+7) (build 11.0.12+7-b1504.28-7817840)
# Java VM: OpenJDK 64-Bit Server VM (11.0.12+7-b1504.28-7817840, mixed mode, tiered, compressed oops, g1 gc, windows-amd64)
Heap:
 garbage-first heap   total 191488K, used 132177K [0x0000000080000000, 0x0000000100000000)
  region size 1024K, 15 young (15360K), 3 survivors (3072K)
 Metaspace       used 130466K, capacity 134556K, committed 134748K, reserved 1167360K
  class space    used 16052K, capacity 17547K, committed 17664K, reserved 1048576K
GC Heap History (20 events):
Event: 1183.699 GC heap before
{Heap before GC invocations=92 (full 0):
 garbage-first heap   total 191488K, used 150512K [0x0000000080000000, 0x0000000100000000)
  region size 1024K, 26 young (26624K), 2 survivors (2048K)
 Metaspace       used 129219K, capacity 132758K, committed 133084K, reserved 1165312K
  class space    used 15855K, capacity 17198K, committed 17280K, reserved 1048576K
}
Event: 1183.711 GC heap after
{Heap after GC invocations=93 (full 0):
 garbage-first heap   total 191488K, used 127350K [0x0000000080000000, 0x0000000100000000)
  region size 1024K, 2 young (2048K), 2 survivors (2048K)
 Metaspace       used 129219K, capacity 132758K, committed 133084K, reserved 1165312K
  class space    used 15855K, capacity 17198K, committed 17280K, reserved 1048576K
}
Event: 1187.165 GC heap before
{Heap before GC invocations=94 (full 0):
 garbage-first heap   total 191488K, used 146806K [0x0000000080000000, 0x0000000100000000)
  region size 1024K, 28 young (28672K), 2 survivors (2048K)
 Metaspace       used 129238K, capacity 132758K, committed 133084K, reserved 1165312K
  class space    used 15855K, capacity 17198K, committed 17280K, reserved 1048576K
}
Event: 1187.179 GC heap after
{Heap after GC invocations=95 (full 0):
 garbage-first heap   total 191488K, used 126505K [0x0000000080000000, 0x0000000100000000)
  region size 1024K, 4 young (4096K), 4 survivors (4096K)
 Metaspace       used 129238K, capacity 132758K, committed 133084K, reserved 1165312K
  class space    used 15855K, capacity 17198K, committed 17280K, reserved 1048576K
}
Event: 1187.199 GC heap before
{Heap before GC invocations=95 (full 0):
 garbage-first heap   total 191488K, used 131625K [0x0000000080000000, 0x0000000100000000)
  region size 1024K, 9 young (9216K), 4 survivors (4096K)
 Metaspace       used 129239K, capacity 132758K, committed 133084K, reserved 1165312K
  class space    used 15855K, capacity 17198K, committed 17280K, reserved 1048576K
}
Event: 1187.218 GC heap after
{Heap after GC invocations=96 (full 0):
 garbage-first heap   total 191488K, used 115033K [0x0000000080000000, 0x0000000100000000)
  region size 1024K, 2 young (2048K), 2 survivors (2048K)
 Metaspace       used 129239K, capacity 132758K, committed 133084K, reserved 1165312K
  class space    used 15855K, capacity 17198K, committed 17280K, reserved 1048576K
}
Event: 1187.568 GC heap before
{Heap before GC invocations=96 (full 0):
 garbage-first heap   total 191488K, used 139609K [0x0000000080000000, 0x0000000100000000)
  region size 1024K, 28 young (28672K), 2 survivors (2048K)
 Metaspace       used 129266K, capacity 132822K, committed 133084K, reserved 1165312K
  class space    used 15855K, capacity 17198K, committed 17280K, reserved 1048576K
}
Event: 1187.577 GC heap after
{Heap after GC invocations=97 (full 0):
 garbage-first heap   total 191488K, used 115202K [0x0000000080000000, 0x0000000100000000)
  region size 1024K, 2 young (2048K), 2 survivors (2048K)
 Metaspace       used 129266K, capacity 132822K, committed 133084K, reserved 1165312K
  class space    used 15855K, capacity 17198K, committed 17280K, reserved 1048576K
}
Event: 1281.140 GC heap before
{Heap before GC invocations=98 (full 0):
 garbage-first heap   total 191488K, used 169474K [0x0000000080000000, 0x0000000100000000)
  region size 1024K, 37 young (37888K), 2 survivors (2048K)
 Metaspace       used 129563K, capacity 133322K, committed 133340K, reserved 1165312K
  class space    used 15889K, capacity 17262K, committed 17280K, reserved 1048576K
}
Event: 1281.151 GC heap after
{Heap after GC invocations=99 (full 0):
 garbage-first heap   total 191488K, used 118033K [0x0000000080000000, 0x0000000100000000)
  region size 1024K, 5 young (5120K), 5 survivors (5120K)
 Metaspace       used 129563K, capacity 133322K, committed 133340K, reserved 1165312K
  class space    used 15889K, capacity 17262K, committed 17280K, reserved 1048576K
}
Event: 1281.296 GC heap before
{Heap before GC invocations=99 (full 0):
 garbage-first heap   total 191488K, used 122129K [0x0000000080000000, 0x0000000100000000)
  region size 1024K, 9 young (9216K), 5 survivors (5120K)
 Metaspace       used 129756K, capacity 133616K, committed 133724K, reserved 1165312K
  class space    used 15926K, capacity 17330K, committed 17408K, reserved 1048576K
}
Event: 1281.316 GC heap after
{Heap after GC invocations=100 (full 0):
 garbage-first heap   total 191488K, used 108393K [0x0000000080000000, 0x0000000100000000)
  region size 1024K, 1 young (1024K), 1 survivors (1024K)
 Metaspace       used 129756K, capacity 133616K, committed 133724K, reserved 1165312K
  class space    used 15926K, capacity 17330K, committed 17408K, reserved 1048576K
}
Event: 1282.404 GC heap before
{Heap before GC invocations=100 (full 0):
 garbage-first heap   total 191488K, used 117609K [0x0000000080000000, 0x0000000100000000)
  region size 1024K, 12 young (12288K), 1 survivors (1024K)
 Metaspace       used 129799K, capacity 133668K, committed 133980K, reserved 1165312K
  class space    used 15934K, capacity 17345K, committed 17408K, reserved 1048576K
}
Event: 1282.413 GC heap after
{Heap after GC invocations=101 (full 0):
 garbage-first heap   total 191488K, used 109273K [0x0000000080000000, 0x0000000100000000)
  region size 1024K, 2 young (2048K), 2 survivors (2048K)
 Metaspace       used 129799K, capacity 133668K, committed 133980K, reserved 1165312K
  class space    used 15934K, capacity 17345K, committed 17408K, reserved 1048576K
}
Event: 1283.462 GC heap before
{Heap before GC invocations=102 (full 0):
 garbage-first heap   total 191488K, used 143065K [0x0000000080000000, 0x0000000100000000)
  region size 1024K, 35 young (35840K), 2 survivors (2048K)
 Metaspace       used 129841K, capacity 133668K, committed 133980K, reserved 1165312K
  class space    used 15934K, capacity 17345K, committed 17408K, reserved 1048576K
}
Event: 1283.493 GC heap after
{Heap after GC invocations=103 (full 0):
 garbage-first heap   total 191488K, used 127233K [0x0000000080000000, 0x0000000100000000)
  region size 1024K, 5 young (5120K), 5 survivors (5120K)
 Metaspace       used 129841K, capacity 133668K, committed 133980K, reserved 1165312K
  class space    used 15934K, capacity 17345K, committed 17408K, reserved 1048576K
}
Event: 1283.592 GC heap before
{Heap before GC invocations=103 (full 0):
 garbage-first heap   total 191488K, used 147713K [0x0000000080000000, 0x0000000100000000)
  region size 1024K, 9 young (9216K), 5 survivors (5120K)
 Metaspace       used 129864K, capacity 133692K, committed 133980K, reserved 1165312K
  class space    used 15937K, capacity 17350K, committed 17408K, reserved 1048576K
}
Event: 1283.614 GC heap after
{Heap after GC invocations=104 (full 0):
 garbage-first heap   total 191488K, used 121042K [0x0000000080000000, 0x0000000100000000)
  region size 1024K, 2 young (2048K), 2 survivors (2048K)
 Metaspace       used 129864K, capacity 133692K, committed 133980K, reserved 1165312K
  class space    used 15937K, capacity 17350K, committed 17408K, reserved 1048576K
}
Event: 1285.169 GC heap before
{Heap before GC invocations=104 (full 0):
 garbage-first heap   total 191488K, used 144594K [0x0000000080000000, 0x0000000100000000)
  region size 1024K, 26 young (26624K), 2 survivors (2048K)
 Metaspace       used 130139K, capacity 134118K, committed 134364K, reserved 1167360K
  class space    used 16001K, capacity 17469K, committed 17536K, reserved 1048576K
}
Event: 1285.179 GC heap after
{Heap after GC invocations=105 (full 0):
 garbage-first heap   total 191488K, used 121937K [0x0000000080000000, 0x0000000100000000)
  region size 1024K, 3 young (3072K), 3 survivors (3072K)
 Metaspace       used 130139K, capacity 134118K, committed 134364K, reserved 1167360K
  class space    used 16001K, capacity 17469K, committed 17536K, reserved 1048576K
}

