# JRE version: OpenJDK Runtime Environment (11.0.12+7) (build 11.0.12+7-b1504.28-7817840)
# Java VM: OpenJDK 64-Bit Server VM (11.0.12+7-b1504.28-7817840, mixed mode, tiered, compressed oops, g1 gc, windows-amd64)
Heap:
 garbage-first heap   total 275456K, used 150138K [0x0000000080000000, 0x0000000100000000)
  region size 1024K, 1 young (1024K), 1 survivors (1024K)
 Metaspace       used 143244K, capacity 147611K, committed 147840K, reserved 1177600K
  class space    used 17520K, capacity 19103K, committed 19200K, reserved 1048576K
GC Heap History (20 events):
Event: 3743.220 GC heap after
{Heap after GC invocations=169 (full 0):
 garbage-first heap   total 205824K, used 158959K [0x0000000080000000, 0x0000000100000000)
  region size 1024K, 2 young (2048K), 2 survivors (2048K)
 Metaspace       used 143102K, capacity 147434K, committed 147584K, reserved 1177600K
  class space    used 17517K, capacity 19098K, committed 19200K, reserved 1048576K
}
Event: 3743.343 GC heap before
{Heap before GC invocations=169 (full 0):
 garbage-first heap   total 205824K, used 173295K [0x0000000080000000, 0x0000000100000000)
  region size 1024K, 17 young (17408K), 2 survivors (2048K)
 Metaspace       used 143133K, capacity 147502K, committed 147840K, reserved 1177600K
  class space    used 17517K, capacity 19098K, committed 19200K, reserved 1048576K
}
Event: 3743.364 GC heap after
{Heap after GC invocations=170 (full 0):
 garbage-first heap   total 205824K, used 163674K [0x0000000080000000, 0x0000000100000000)
  region size 1024K, 3 young (3072K), 3 survivors (3072K)
 Metaspace       used 143133K, capacity 147502K, committed 147840K, reserved 1177600K
  class space    used 17517K, capacity 19098K, committed 19200K, reserved 1048576K
}
Event: 3743.469 GC heap before
{Heap before GC invocations=170 (full 0):
 garbage-first heap   total 205824K, used 174938K [0x0000000080000000, 0x0000000100000000)
  region size 1024K, 15 young (15360K), 3 survivors (3072K)
 Metaspace       used 143144K, capacity 147509K, committed 147840K, reserved 1177600K
  class space    used 17517K, capacity 19098K, committed 19200K, reserved 1048576K
}
Event: 3743.481 GC heap after
{Heap after GC invocations=171 (full 0):
 garbage-first heap   total 205824K, used 166626K [0x0000000080000000, 0x0000000100000000)
  region size 1024K, 2 young (2048K), 2 survivors (2048K)
 Metaspace       used 143144K, capacity 147509K, committed 147840K, reserved 1177600K
  class space    used 17517K, capacity 19098K, committed 19200K, reserved 1048576K
}
Event: 3743.643 GC heap before
{Heap before GC invocations=171 (full 0):
 garbage-first heap   total 205824K, used 176866K [0x0000000080000000, 0x0000000100000000)
  region size 1024K, 12 young (12288K), 2 survivors (2048K)
 Metaspace       used 143149K, capacity 147511K, committed 147840K, reserved 1177600K
  class space    used 17517K, capacity 19098K, committed 19200K, reserved 1048576K
}
Event: 3743.651 GC heap after
{Heap after GC invocations=172 (full 0):
 garbage-first heap   total 205824K, used 167573K [0x0000000080000000, 0x0000000100000000)
  region size 1024K, 1 young (1024K), 1 survivors (1024K)
 Metaspace       used 143149K, capacity 147511K, committed 147840K, reserved 1177600K
  class space    used 17517K, capacity 19098K, committed 19200K, reserved 1048576K
}
Event: 3743.766 GC heap before
{Heap before GC invocations=172 (full 0):
 garbage-first heap   total 205824K, used 176789K [0x0000000080000000, 0x0000000100000000)
  region size 1024K, 11 young (11264K), 1 survivors (1024K)
 Metaspace       used 143149K, capacity 147511K, committed 147840K, reserved 1177600K
  class space    used 17517K, capacity 19098K, committed 19200K, reserved 1048576K
}
Event: 3743.772 GC heap after
{Heap after GC invocations=173 (full 0):
 garbage-first heap   total 205824K, used 169269K [0x0000000080000000, 0x0000000100000000)
  region size 1024K, 2 young (2048K), 2 survivors (2048K)
 Metaspace       used 143149K, capacity 147511K, committed 147840K, reserved 1177600K
  class space    used 17517K, capacity 19098K, committed 19200K, reserved 1048576K
}
Event: 3743.975 GC heap before
{Heap before GC invocations=173 (full 0):
 garbage-first heap   total 205824K, used 176437K [0x0000000080000000, 0x0000000100000000)
  region size 1024K, 11 young (11264K), 2 survivors (2048K)
 Metaspace       used 143174K, capacity 147513K, committed 147840K, reserved 1177600K
  class space    used 17517K, capacity 19098K, committed 19200K, reserved 1048576K
}
Event: 3743.980 GC heap after
{Heap after GC invocations=174 (full 0):
 garbage-first heap   total 205824K, used 168027K [0x0000000080000000, 0x0000000100000000)
  region size 1024K, 2 young (2048K), 2 survivors (2048K)
 Metaspace       used 143174K, capacity 147513K, committed 147840K, reserved 1177600K
  class space    used 17517K, capacity 19098K, committed 19200K, reserved 1048576K
}
Event: 3744.218 GC heap before
{Heap before GC invocations=175 (full 0):
 garbage-first heap   total 205824K, used 176219K [0x0000000080000000, 0x0000000100000000)
  region size 1024K, 11 young (11264K), 2 survivors (2048K)
 Metaspace       used 143179K, capacity 147515K, committed 147840K, reserved 1177600K
  class space    used 17517K, capacity 19098K, committed 19200K, reserved 1048576K
}
Event: 3744.223 GC heap after
{Heap after GC invocations=176 (full 0):
 garbage-first heap   total 205824K, used 168866K [0x0000000080000000, 0x0000000100000000)
  region size 1024K, 2 young (2048K), 2 survivors (2048K)
 Metaspace       used 143179K, capacity 147515K, committed 147840K, reserved 1177600K
  class space    used 17517K, capacity 19098K, committed 19200K, reserved 1048576K
}
Event: 3744.356 GC heap before
{Heap before GC invocations=176 (full 0):
 garbage-first heap   total 205824K, used 177058K [0x0000000080000000, 0x0000000100000000)
  region size 1024K, 10 young (10240K), 2 survivors (2048K)
 Metaspace       used 143182K, capacity 147515K, committed 147840K, reserved 1177600K
  class space    used 17517K, capacity 19098K, committed 19200K, reserved 1048576K
}
Event: 3744.369 GC heap after
{Heap after GC invocations=177 (full 0):
 garbage-first heap   total 205824K, used 156639K [0x0000000080000000, 0x0000000100000000)
  region size 1024K, 2 young (2048K), 2 survivors (2048K)
 Metaspace       used 143182K, capacity 147515K, committed 147840K, reserved 1177600K
  class space    used 17517K, capacity 19098K, committed 19200K, reserved 1048576K
}
Event: 3744.549 GC heap before
{Heap before GC invocations=177 (full 0):
 garbage-first heap   total 205824K, used 169951K [0x0000000080000000, 0x0000000100000000)
  region size 1024K, 17 young (17408K), 2 survivors (2048K)
 Metaspace       used 143197K, capacity 147580K, committed 147840K, reserved 1177600K
  class space    used 17517K, capacity 19098K, committed 19200K, reserved 1048576K
}
Event: 3744.562 GC heap after
{Heap after GC invocations=178 (full 0):
 garbage-first heap   total 205824K, used 161312K [0x0000000080000000, 0x0000000100000000)
  region size 1024K, 3 young (3072K), 3 survivors (3072K)
 Metaspace       used 143197K, capacity 147580K, committed 147840K, reserved 1177600K
  class space    used 17517K, capacity 19098K, committed 19200K, reserved 1048576K
}
Event: 3745.308 GC heap before
{Heap before GC invocations=179 (full 0):
 garbage-first heap   total 205824K, used 187936K [0x0000000080000000, 0x0000000100000000)
  region size 1024K, 15 young (15360K), 3 survivors (3072K)
 Metaspace       used 143233K, capacity 147605K, committed 147840K, reserved 1177600K
  class space    used 17519K, capacity 19102K, committed 19200K, reserved 1048576K
}
Event: 3745.317 GC heap after
{Heap after GC invocations=180 (full 0):
 garbage-first heap   total 205824K, used 159289K [0x0000000080000000, 0x0000000100000000)
  region size 1024K, 1 young (1024K), 1 survivors (1024K)
 Metaspace       used 143233K, capacity 147605K, committed 147840K, reserved 1177600K
  class space    used 17519K, capacity 19102K, committed 19200K, reserved 1048576K
}
Event: 3993.681 GC heap before
{Heap before GC invocations=180 (full 0):
 garbage-first heap   total 205824K, used 167481K [0x0000000080000000, 0x0000000100000000)
  region size 1024K, 10 young (10240K), 1 survivors (1024K)
 Metaspace       used 143244K, capacity 147611K, committed 147840K, reserved 1177600K
  class space    used 17520K, capacity 19103K, committed 19200K, reserved 1048576K
}

