# JRE version: OpenJDK Runtime Environment (11.0.12+7) (build 11.0.12+7-b1504.28-7817840)
# Java VM: OpenJDK 64-Bit Server VM (11.0.12+7-b1504.28-7817840, mixed mode, tiered, compressed oops, g1 gc, windows-amd64)
Heap:
 garbage-first heap   total 131072K, used 67627K [0x0000000080000000, 0x0000000100000000)
  region size 1024K, 19 young (19456K), 6 survivors (6144K)
 Metaspace       used 71297K, capacity 72960K, committed 73168K, reserved 1114112K
  class space    used 9218K, capacity 9846K, committed 9856K, reserved 1048576K
GC Heap History (20 events):
Event: 69.517 GC heap before
{Heap before GC invocations=3 (full 0):
 garbage-first heap   total 131072K, used 26167K [0x0000000080000000, 0x0000000100000000)
  region size 1024K, 12 young (12288K), 2 survivors (2048K)
 Metaspace       used 20774K, capacity 21233K, committed 21296K, reserved 1069056K
  class space    used 2531K, capacity 2680K, committed 2688K, reserved 1048576K
}
Event: 69.523 GC heap after
{Heap after GC invocations=4 (full 0):
 garbage-first heap   total 131072K, used 17192K [0x0000000080000000, 0x0000000100000000)
  region size 1024K, 2 young (2048K), 2 survivors (2048K)
 Metaspace       used 20774K, capacity 21233K, committed 21296K, reserved 1069056K
  class space    used 2531K, capacity 2680K, committed 2688K, reserved 1048576K
}
Event: 71.791 GC heap before
{Heap before GC invocations=5 (full 0):
 garbage-first heap   total 131072K, used 71464K [0x0000000080000000, 0x0000000100000000)
  region size 1024K, 55 young (56320K), 2 survivors (2048K)
 Metaspace       used 26832K, capacity 27460K, committed 27696K, reserved 1073152K
  class space    used 3472K, capacity 3702K, committed 3712K, reserved 1048576K
}
Event: 71.798 GC heap after
{Heap after GC invocations=6 (full 0):
 garbage-first heap   total 131072K, used 19166K [0x0000000080000000, 0x0000000100000000)
  region size 1024K, 4 young (4096K), 4 survivors (4096K)
 Metaspace       used 26832K, capacity 27460K, committed 27696K, reserved 1073152K
  class space    used 3472K, capacity 3702K, committed 3712K, reserved 1048576K
}
Event: 74.427 GC heap before
{Heap before GC invocations=6 (full 0):
 garbage-first heap   total 131072K, used 73438K [0x0000000080000000, 0x0000000100000000)
  region size 1024K, 58 young (59392K), 4 survivors (4096K)
 Metaspace       used 35061K, capacity 35842K, committed 35920K, reserved 1081344K
  class space    used 4506K, capacity 4839K, committed 4864K, reserved 1048576K
}
Event: 74.439 GC heap after
{Heap after GC invocations=7 (full 0):
 garbage-first heap   total 131072K, used 22246K [0x0000000080000000, 0x0000000100000000)
  region size 1024K, 7 young (7168K), 7 survivors (7168K)
 Metaspace       used 35061K, capacity 35842K, committed 35920K, reserved 1081344K
  class space    used 4506K, capacity 4839K, committed 4864K, reserved 1048576K
}
Event: 77.311 GC heap before
{Heap before GC invocations=8 (full 0):
 garbage-first heap   total 131072K, used 84710K [0x0000000080000000, 0x0000000100000000)
  region size 1024K, 66 young (67584K), 7 survivors (7168K)
 Metaspace       used 40117K, capacity 41027K, committed 41168K, reserved 1085440K
  class space    used 5103K, capacity 5433K, committed 5504K, reserved 1048576K
}
Event: 77.331 GC heap after
{Heap after GC invocations=9 (full 0):
 garbage-first heap   total 131072K, used 27673K [0x0000000080000000, 0x0000000100000000)
  region size 1024K, 9 young (9216K), 9 survivors (9216K)
 Metaspace       used 40117K, capacity 41027K, committed 41168K, reserved 1085440K
  class space    used 5103K, capacity 5433K, committed 5504K, reserved 1048576K
}
Event: 79.829 GC heap before
{Heap before GC invocations=9 (full 0):
 garbage-first heap   total 131072K, used 88089K [0x0000000080000000, 0x0000000100000000)
  region size 1024K, 67 young (68608K), 9 survivors (9216K)
 Metaspace       used 45371K, capacity 46482K, committed 46800K, reserved 1089536K
  class space    used 5806K, capacity 6198K, committed 6272K, reserved 1048576K
}
Event: 79.850 GC heap after
{Heap after GC invocations=10 (full 0):
 garbage-first heap   total 131072K, used 29958K [0x0000000080000000, 0x0000000100000000)
  region size 1024K, 4 young (4096K), 4 survivors (4096K)
 Metaspace       used 45371K, capacity 46482K, committed 46800K, reserved 1089536K
  class space    used 5806K, capacity 6198K, committed 6272K, reserved 1048576K
}
Event: 98.893 GC heap before
{Heap before GC invocations=10 (full 0):
 garbage-first heap   total 131072K, used 92422K [0x0000000080000000, 0x0000000100000000)
  region size 1024K, 64 young (65536K), 4 survivors (4096K)
 Metaspace       used 48778K, capacity 50008K, committed 50384K, reserved 1093632K
  class space    used 6206K, capacity 6662K, committed 6784K, reserved 1048576K
}
Event: 98.906 GC heap after
{Heap after GC invocations=11 (full 0):
 garbage-first heap   total 131072K, used 36654K [0x0000000080000000, 0x0000000100000000)
  region size 1024K, 8 young (8192K), 8 survivors (8192K)
 Metaspace       used 48778K, capacity 50008K, committed 50384K, reserved 1093632K
  class space    used 6206K, capacity 6662K, committed 6784K, reserved 1048576K
}
Event: 116.260 GC heap before
{Heap before GC invocations=11 (full 0):
 garbage-first heap   total 131072K, used 97070K [0x0000000080000000, 0x0000000100000000)
  region size 1024K, 65 young (66560K), 8 survivors (8192K)
 Metaspace       used 55433K, capacity 56860K, committed 57168K, reserved 1099776K
  class space    used 7063K, capacity 7569K, committed 7680K, reserved 1048576K
}
Event: 116.279 GC heap after
{Heap after GC invocations=12 (full 0):
 garbage-first heap   total 131072K, used 44852K [0x0000000080000000, 0x0000000100000000)
  region size 1024K, 6 young (6144K), 6 survivors (6144K)
 Metaspace       used 55433K, capacity 56860K, committed 57168K, reserved 1099776K
  class space    used 7063K, capacity 7569K, committed 7680K, reserved 1048576K
}
Event: 118.506 GC heap before
{Heap before GC invocations=12 (full 0):
 garbage-first heap   total 131072K, used 64308K [0x0000000080000000, 0x0000000100000000)
  region size 1024K, 26 young (26624K), 6 survivors (6144K)
 Metaspace       used 58757K, capacity 60149K, committed 60240K, reserved 1101824K
  class space    used 7412K, capacity 7914K, committed 7936K, reserved 1048576K
}
Event: 118.519 GC heap after
{Heap after GC invocations=13 (full 0):
 garbage-first heap   total 131072K, used 45940K [0x0000000080000000, 0x0000000100000000)
  region size 1024K, 2 young (2048K), 2 survivors (2048K)
 Metaspace       used 58757K, capacity 60149K, committed 60240K, reserved 1101824K
  class space    used 7412K, capacity 7914K, committed 7936K, reserved 1048576K
}
Event: 122.345 GC heap before
{Heap before GC invocations=14 (full 0):
 garbage-first heap   total 131072K, used 89972K [0x0000000080000000, 0x0000000100000000)
  region size 1024K, 46 young (47104K), 2 survivors (2048K)
 Metaspace       used 63856K, capacity 65295K, committed 65616K, reserved 1107968K
  class space    used 8054K, capacity 8581K, committed 8704K, reserved 1048576K
}
Event: 122.355 GC heap after
{Heap after GC invocations=15 (full 0):
 garbage-first heap   total 131072K, used 49654K [0x0000000080000000, 0x0000000100000000)
  region size 1024K, 5 young (5120K), 5 survivors (5120K)
 Metaspace       used 63856K, capacity 65295K, committed 65616K, reserved 1107968K
  class space    used 8054K, capacity 8581K, committed 8704K, reserved 1048576K
}
Event: 125.694 GC heap before
{Heap before GC invocations=15 (full 0):
 garbage-first heap   total 131072K, used 95734K [0x0000000080000000, 0x0000000100000000)
  region size 1024K, 49 young (50176K), 5 survivors (5120K)
 Metaspace       used 66513K, capacity 68035K, committed 68304K, reserved 1110016K
  class space    used 8424K, capacity 8995K, committed 9088K, reserved 1048576K
}
Event: 125.718 GC heap after
{Heap after GC invocations=16 (full 0):
 garbage-first heap   total 131072K, used 52296K [0x0000000080000000, 0x0000000100000000)
  region size 1024K, 3 young (3072K), 3 survivors (3072K)
 Metaspace       used 66513K, capacity 68035K, committed 68304K, reserved 1110016K
  class space    used 8424K, capacity 8995K, committed 9088K, reserved 1048576K
}

