# JRE version: OpenJDK Runtime Environment (11.0.12+7) (build 11.0.12+7-b1504.28-7817840)
# Java VM: OpenJDK 64-Bit Server VM (11.0.12+7-b1504.28-7817840, mixed mode, tiered, compressed oops, g1 gc, windows-amd64)
Heap:
 garbage-first heap   total 365568K, used 245136K [0x0000000080000000, 0x0000000100000000)
  region size 1024K, 2 young (2048K), 2 survivors (2048K)
 Metaspace       used 127955K, capacity 131281K, committed 131584K, reserved 1163264K
  class space    used 16254K, capacity 17538K, committed 17664K, reserved 1048576K
GC Heap History (20 events):
Event: 4973.080 GC heap after
{Heap after GC invocations=105 (full 0):
 garbage-first heap   total 304128K, used 203776K [0x0000000080000000, 0x0000000100000000)
  region size 1024K, 5 young (5120K), 5 survivors (5120K)
 Metaspace       used 127097K, capacity 130257K, committed 130304K, reserved 1163264K
  class space    used 16172K, capacity 17393K, committed 17408K, reserved 1048576K
}
Event: 4973.265 GC heap before
{Heap before GC invocations=105 (full 0):
 garbage-first heap   total 304128K, used 238592K [0x0000000080000000, 0x0000000100000000)
  region size 1024K, 39 young (39936K), 5 survivors (5120K)
 Metaspace       used 127120K, capacity 130261K, committed 130304K, reserved 1163264K
  class space    used 16172K, capacity 17393K, committed 17408K, reserved 1048576K
}
Event: 4973.316 GC heap after
{Heap after GC invocations=106 (full 0):
 garbage-first heap   total 304128K, used 222208K [0x0000000080000000, 0x0000000100000000)
  region size 1024K, 5 young (5120K), 5 survivors (5120K)
 Metaspace       used 127120K, capacity 130261K, committed 130304K, reserved 1163264K
  class space    used 16172K, capacity 17393K, committed 17408K, reserved 1048576K
}
Event: 4973.672 GC heap before
{Heap before GC invocations=106 (full 0):
 garbage-first heap   total 304128K, used 246784K [0x0000000080000000, 0x0000000100000000)
  region size 1024K, 30 young (30720K), 5 survivors (5120K)
 Metaspace       used 127154K, capacity 130261K, committed 130304K, reserved 1163264K
  class space    used 16172K, capacity 17393K, committed 17408K, reserved 1048576K
}
Event: 4973.712 GC heap after
{Heap after GC invocations=107 (full 0):
 garbage-first heap   total 304128K, used 236032K [0x0000000080000000, 0x0000000100000000)
  region size 1024K, 4 young (4096K), 4 survivors (4096K)
 Metaspace       used 127154K, capacity 130261K, committed 130304K, reserved 1163264K
  class space    used 16172K, capacity 17393K, committed 17408K, reserved 1048576K
}
Event: 4974.282 GC heap before
{Heap before GC invocations=107 (full 0):
 garbage-first heap   total 304128K, used 253440K [0x0000000080000000, 0x0000000100000000)
  region size 1024K, 21 young (21504K), 4 survivors (4096K)
 Metaspace       used 127374K, capacity 130505K, committed 130560K, reserved 1163264K
  class space    used 16187K, capacity 17404K, committed 17408K, reserved 1048576K
}
Event: 4974.317 GC heap after
{Heap after GC invocations=108 (full 0):
 garbage-first heap   total 304128K, used 242688K [0x0000000080000000, 0x0000000100000000)
  region size 1024K, 3 young (3072K), 3 survivors (3072K)
 Metaspace       used 127374K, capacity 130505K, committed 130560K, reserved 1163264K
  class space    used 16187K, capacity 17404K, committed 17408K, reserved 1048576K
}
Event: 4974.477 GC heap before
{Heap before GC invocations=108 (full 0):
 garbage-first heap   total 304128K, used 257024K [0x0000000080000000, 0x0000000100000000)
  region size 1024K, 17 young (17408K), 3 survivors (3072K)
 Metaspace       used 127535K, capacity 130775K, committed 130944K, reserved 1163264K
  class space    used 16213K, capacity 17469K, committed 17536K, reserved 1048576K
}
Event: 4974.504 GC heap after
{Heap after GC invocations=109 (full 0):
 garbage-first heap   total 304128K, used 245750K [0x0000000080000000, 0x0000000100000000)
  region size 1024K, 2 young (2048K), 2 survivors (2048K)
 Metaspace       used 127535K, capacity 130775K, committed 130944K, reserved 1163264K
  class space    used 16213K, capacity 17469K, committed 17536K, reserved 1048576K
}
Event: 4974.723 GC heap before
{Heap before GC invocations=110 (full 0):
 garbage-first heap   total 304128K, used 260086K [0x0000000080000000, 0x0000000100000000)
  region size 1024K, 16 young (16384K), 2 survivors (2048K)
 Metaspace       used 127739K, capacity 131038K, committed 131200K, reserved 1163264K
  class space    used 16249K, capacity 17532K, committed 17536K, reserved 1048576K
}
Event: 4974.739 GC heap after
{Heap after GC invocations=111 (full 0):
 garbage-first heap   total 304128K, used 247808K [0x0000000080000000, 0x0000000100000000)
  region size 1024K, 2 young (2048K), 2 survivors (2048K)
 Metaspace       used 127739K, capacity 131038K, committed 131200K, reserved 1163264K
  class space    used 16249K, capacity 17532K, committed 17536K, reserved 1048576K
}
Event: 4974.923 GC heap before
{Heap before GC invocations=111 (full 0):
 garbage-first heap   total 304128K, used 260096K [0x0000000080000000, 0x0000000100000000)
  region size 1024K, 15 young (15360K), 2 survivors (2048K)
 Metaspace       used 127819K, capacity 131148K, committed 131328K, reserved 1163264K
  class space    used 16257K, capacity 17545K, committed 17664K, reserved 1048576K
}
Event: 4974.931 GC heap after
{Heap after GC invocations=112 (full 0):
 garbage-first heap   total 304128K, used 249432K [0x0000000080000000, 0x0000000100000000)
  region size 1024K, 2 young (2048K), 2 survivors (2048K)
 Metaspace       used 127819K, capacity 131148K, committed 131328K, reserved 1163264K
  class space    used 16257K, capacity 17545K, committed 17664K, reserved 1048576K
}
Event: 4975.053 GC heap before
{Heap before GC invocations=112 (full 0):
 garbage-first heap   total 304128K, used 262744K [0x0000000080000000, 0x0000000100000000)
  region size 1024K, 15 young (15360K), 2 survivors (2048K)
 Metaspace       used 127939K, capacity 131246K, committed 131584K, reserved 1163264K
  class space    used 16261K, capacity 17550K, committed 17664K, reserved 1048576K
}
Event: 4975.062 GC heap after
{Heap after GC invocations=113 (full 0):
 garbage-first heap   total 304128K, used 250568K [0x0000000080000000, 0x0000000100000000)
  region size 1024K, 2 young (2048K), 2 survivors (2048K)
 Metaspace       used 127939K, capacity 131246K, committed 131584K, reserved 1163264K
  class space    used 16261K, capacity 17550K, committed 17664K, reserved 1048576K
}
Event: 4975.268 GC heap before
{Heap before GC invocations=113 (full 0):
 garbage-first heap   total 304128K, used 262856K [0x0000000080000000, 0x0000000100000000)
  region size 1024K, 15 young (15360K), 2 survivors (2048K)
 Metaspace       used 127960K, capacity 131248K, committed 131584K, reserved 1163264K
  class space    used 16261K, capacity 17550K, committed 17664K, reserved 1048576K
}
Event: 4975.277 GC heap after
{Heap after GC invocations=114 (full 0):
 garbage-first heap   total 304128K, used 251478K [0x0000000080000000, 0x0000000100000000)
  region size 1024K, 2 young (2048K), 2 survivors (2048K)
 Metaspace       used 127960K, capacity 131248K, committed 131584K, reserved 1163264K
  class space    used 16261K, capacity 17550K, committed 17664K, reserved 1048576K
}
Event: 4975.495 GC heap before
{Heap before GC invocations=114 (full 0):
 garbage-first heap   total 304128K, used 265814K [0x0000000080000000, 0x0000000100000000)
  region size 1024K, 15 young (15360K), 2 survivors (2048K)
 Metaspace       used 127971K, capacity 131249K, committed 131584K, reserved 1163264K
  class space    used 16261K, capacity 17550K, committed 17664K, reserved 1048576K
}
Event: 4975.508 GC heap after
{Heap after GC invocations=115 (full 0):
 garbage-first heap   total 304128K, used 253605K [0x0000000080000000, 0x0000000100000000)
  region size 1024K, 1 young (1024K), 1 survivors (1024K)
 Metaspace       used 127971K, capacity 131249K, committed 131584K, reserved 1163264K
  class space    used 16261K, capacity 17550K, committed 17664K, reserved 1048576K
}
Event: 4975.771 GC heap before
{Heap before GC invocations=115 (full 0):
 garbage-first heap   total 304128K, used 256677K [0x0000000080000000, 0x0000000100000000)
  region size 1024K, 14 young (14336K), 1 survivors (1024K)
 Metaspace       used 127955K, capacity 131281K, committed 131584K, reserved 1163264K
  class space    used 16254K, capacity 17538K, committed 17664K, reserved 1048576K
}

