# JRE version: OpenJDK Runtime Environment (11.0.12+7) (build 11.0.12+7-b1504.28-7817840)
# Java VM: OpenJDK 64-Bit Server VM (11.0.12+7-b1504.28-7817840, mixed mode, tiered, compressed oops, g1 gc, windows-amd64)
Heap:
 garbage-first heap   total 411648K, used 350027K [0x0000000080000000, 0x0000000100000000)
  region size 1024K, 182 young (186368K), 15 survivors (15360K)
 Metaspace       used 106692K, capacity 109544K, committed 109816K, reserved 1144832K
  class space    used 13607K, capacity 14707K, committed 14840K, reserved 1048576K
GC Heap History (20 events):
Event: 132.000 GC heap before
{Heap before GC invocations=88 (full 0):
 garbage-first heap   total 411648K, used 318347K [0x0000000080000000, 0x0000000100000000)
  region size 1024K, 158 young (161792K), 10 survivors (10240K)
 Metaspace       used 106610K, capacity 109422K, committed 109688K, reserved 1144832K
  class space    used 13603K, capacity 14671K, committed 14712K, reserved 1048576K
}
Event: 132.023 GC heap after
{Heap after GC invocations=89 (full 0):
 garbage-first heap   total 411648K, used 170354K [0x0000000080000000, 0x0000000100000000)
  region size 1024K, 12 young (12288K), 12 survivors (12288K)
 Metaspace       used 106610K, capacity 109422K, committed 109688K, reserved 1144832K
  class space    used 13603K, capacity 14671K, committed 14712K, reserved 1048576K
}
Event: 133.659 GC heap before
{Heap before GC invocations=89 (full 0):
 garbage-first heap   total 411648K, used 324978K [0x0000000080000000, 0x0000000100000000)
  region size 1024K, 164 young (167936K), 12 survivors (12288K)
 Metaspace       used 106614K, capacity 109423K, committed 109688K, reserved 1144832K
  class space    used 13603K, capacity 14671K, committed 14712K, reserved 1048576K
}
Event: 133.683 GC heap after
{Heap after GC invocations=90 (full 0):
 garbage-first heap   total 411648K, used 171944K [0x0000000080000000, 0x0000000100000000)
  region size 1024K, 13 young (13312K), 13 survivors (13312K)
 Metaspace       used 106614K, capacity 109423K, committed 109688K, reserved 1144832K
  class space    used 13603K, capacity 14671K, committed 14712K, reserved 1048576K
}
Event: 134.883 GC heap before
{Heap before GC invocations=90 (full 0):
 garbage-first heap   total 411648K, used 334760K [0x0000000080000000, 0x0000000100000000)
  region size 1024K, 172 young (176128K), 13 survivors (13312K)
 Metaspace       used 106617K, capacity 109423K, committed 109688K, reserved 1144832K
  class space    used 13603K, capacity 14671K, committed 14712K, reserved 1048576K
}
Event: 134.908 GC heap after
{Heap after GC invocations=91 (full 0):
 garbage-first heap   total 411648K, used 172578K [0x0000000080000000, 0x0000000100000000)
  region size 1024K, 8 young (8192K), 8 survivors (8192K)
 Metaspace       used 106617K, capacity 109423K, committed 109688K, reserved 1144832K
  class space    used 13603K, capacity 14671K, committed 14712K, reserved 1048576K
}
Event: 135.803 GC heap before
{Heap before GC invocations=91 (full 0):
 garbage-first heap   total 411648K, used 338466K [0x0000000080000000, 0x0000000100000000)
  region size 1024K, 170 young (174080K), 8 survivors (8192K)
 Metaspace       used 106619K, capacity 109423K, committed 109688K, reserved 1144832K
  class space    used 13603K, capacity 14671K, committed 14712K, reserved 1048576K
}
Event: 135.818 GC heap after
{Heap after GC invocations=92 (full 0):
 garbage-first heap   total 411648K, used 172446K [0x0000000080000000, 0x0000000100000000)
  region size 1024K, 8 young (8192K), 8 survivors (8192K)
 Metaspace       used 106619K, capacity 109423K, committed 109688K, reserved 1144832K
  class space    used 13603K, capacity 14671K, committed 14712K, reserved 1048576K
}
Event: 136.997 GC heap before
{Heap before GC invocations=92 (full 0):
 garbage-first heap   total 411648K, used 344478K [0x0000000080000000, 0x0000000100000000)
  region size 1024K, 176 young (180224K), 8 survivors (8192K)
 Metaspace       used 106626K, capacity 109455K, committed 109816K, reserved 1144832K
  class space    used 13605K, capacity 14703K, committed 14840K, reserved 1048576K
}
Event: 137.012 GC heap after
{Heap after GC invocations=93 (full 0):
 garbage-first heap   total 411648K, used 172066K [0x0000000080000000, 0x0000000100000000)
  region size 1024K, 7 young (7168K), 7 survivors (7168K)
 Metaspace       used 106626K, capacity 109455K, committed 109816K, reserved 1144832K
  class space    used 13605K, capacity 14703K, committed 14840K, reserved 1048576K
}
Event: 138.690 GC heap before
{Heap before GC invocations=93 (full 0):
 garbage-first heap   total 411648K, used 350242K [0x0000000080000000, 0x0000000100000000)
  region size 1024K, 181 young (185344K), 7 survivors (7168K)
 Metaspace       used 106645K, capacity 109468K, committed 109816K, reserved 1144832K
  class space    used 13607K, capacity 14707K, committed 14840K, reserved 1048576K
}
Event: 138.708 GC heap after
{Heap after GC invocations=94 (full 0):
 garbage-first heap   total 411648K, used 172714K [0x0000000080000000, 0x0000000100000000)
  region size 1024K, 8 young (8192K), 8 survivors (8192K)
 Metaspace       used 106645K, capacity 109468K, committed 109816K, reserved 1144832K
  class space    used 13607K, capacity 14707K, committed 14840K, reserved 1048576K
}
Event: 139.958 GC heap before
{Heap before GC invocations=94 (full 0):
 garbage-first heap   total 411648K, used 349866K [0x0000000080000000, 0x0000000100000000)
  region size 1024K, 181 young (185344K), 8 survivors (8192K)
 Metaspace       used 106647K, capacity 109468K, committed 109816K, reserved 1144832K
  class space    used 13607K, capacity 14707K, committed 14840K, reserved 1048576K
}
Event: 139.974 GC heap after
{Heap after GC invocations=95 (full 0):
 garbage-first heap   total 411648K, used 171748K [0x0000000080000000, 0x0000000100000000)
  region size 1024K, 7 young (7168K), 7 survivors (7168K)
 Metaspace       used 106647K, capacity 109468K, committed 109816K, reserved 1144832K
  class space    used 13607K, capacity 14707K, committed 14840K, reserved 1048576K
}
Event: 141.851 GC heap before
{Heap before GC invocations=95 (full 0):
 garbage-first heap   total 411648K, used 351972K [0x0000000080000000, 0x0000000100000000)
  region size 1024K, 183 young (187392K), 7 survivors (7168K)
 Metaspace       used 106659K, capacity 109535K, committed 109816K, reserved 1144832K
  class space    used 13607K, capacity 14707K, committed 14840K, reserved 1048576K
}
Event: 141.871 GC heap after
{Heap after GC invocations=96 (full 0):
 garbage-first heap   total 411648K, used 173090K [0x0000000080000000, 0x0000000100000000)
  region size 1024K, 8 young (8192K), 8 survivors (8192K)
 Metaspace       used 106659K, capacity 109535K, committed 109816K, reserved 1144832K
  class space    used 13607K, capacity 14707K, committed 14840K, reserved 1048576K
}
Event: 143.727 GC heap before
{Heap before GC invocations=96 (full 0):
 garbage-first heap   total 411648K, used 353314K [0x0000000080000000, 0x0000000100000000)
  region size 1024K, 185 young (189440K), 8 survivors (8192K)
 Metaspace       used 106667K, capacity 109537K, committed 109816K, reserved 1144832K
  class space    used 13607K, capacity 14707K, committed 14840K, reserved 1048576K
}
Event: 143.748 GC heap after
{Heap after GC invocations=97 (full 0):
 garbage-first heap   total 411648K, used 173462K [0x0000000080000000, 0x0000000100000000)
  region size 1024K, 9 young (9216K), 9 survivors (9216K)
 Metaspace       used 106667K, capacity 109537K, committed 109816K, reserved 1144832K
  class space    used 13607K, capacity 14707K, committed 14840K, reserved 1048576K
}
Event: 145.277 GC heap before
{Heap before GC invocations=97 (full 0):
 garbage-first heap   total 411648K, used 353686K [0x0000000080000000, 0x0000000100000000)
  region size 1024K, 186 young (190464K), 9 survivors (9216K)
 Metaspace       used 106672K, capacity 109539K, committed 109816K, reserved 1144832K
  class space    used 13607K, capacity 14707K, committed 14840K, reserved 1048576K
}
Event: 145.309 GC heap after
{Heap after GC invocations=98 (full 0):
 garbage-first heap   total 411648K, used 180043K [0x0000000080000000, 0x0000000100000000)
  region size 1024K, 15 young (15360K), 15 survivors (15360K)
 Metaspace       used 106672K, capacity 109539K, committed 109816K, reserved 1144832K
  class space    used 13607K, capacity 14707K, committed 14840K, reserved 1048576K
}

