# JRE version: OpenJDK Runtime Environment (11.0.12+7) (build 11.0.12+7-b1504.28-7817840)
# Java VM: OpenJDK 64-Bit Server VM (11.0.12+7-b1504.28-7817840, mixed mode, tiered, compressed oops, g1 gc, windows-amd64)
Heap:
 garbage-first heap   total 435200K, used 186557K [0x0000000080000000, 0x0000000100000000)
  region size 1024K, 14 young (14336K), 14 survivors (14336K)
 Metaspace       used 162278K, capacity 166778K, committed 170196K, reserved 1198080K
  class space    used 19595K, capacity 21277K, committed 22092K, reserved 1048576K
GC Heap History (20 events):
Event: 15086.738 GC heap after
{Heap after GC invocations=191 (full 0):
 garbage-first heap   total 334848K, used 180442K [0x0000000080000000, 0x0000000100000000)
  region size 1024K, 2 young (2048K), 2 survivors (2048K)
 Metaspace       used 161517K, capacity 165845K, committed 170196K, reserved 1198080K
  class space    used 19498K, capacity 21121K, committed 22092K, reserved 1048576K
}
Event: 15087.879 GC heap before
{Heap before GC invocations=192 (full 0):
 garbage-first heap   total 334848K, used 287962K [0x0000000080000000, 0x0000000100000000)
  region size 1024K, 107 young (109568K), 2 survivors (2048K)
 Metaspace       used 161521K, capacity 165909K, committed 170196K, reserved 1198080K
  class space    used 19498K, capacity 21121K, committed 22092K, reserved 1048576K
}
Event: 15088.116 GC heap after
{Heap after GC invocations=193 (full 0):
 garbage-first heap   total 334848K, used 181060K [0x0000000080000000, 0x0000000100000000)
  region size 1024K, 3 young (3072K), 3 survivors (3072K)
 Metaspace       used 161521K, capacity 165909K, committed 170196K, reserved 1198080K
  class space    used 19498K, capacity 21121K, committed 22092K, reserved 1048576K
}
Event: 15088.172 GC heap before
{Heap before GC invocations=193 (full 0):
 garbage-first heap   total 334848K, used 193348K [0x0000000080000000, 0x0000000100000000)
  region size 1024K, 16 young (16384K), 3 survivors (3072K)
 Metaspace       used 161524K, capacity 165909K, committed 170196K, reserved 1198080K
  class space    used 19498K, capacity 21121K, committed 22092K, reserved 1048576K
}
Event: 15088.250 GC heap after
{Heap after GC invocations=194 (full 0):
 garbage-first heap   total 334848K, used 177097K [0x0000000080000000, 0x0000000100000000)
  region size 1024K, 1 young (1024K), 1 survivors (1024K)
 Metaspace       used 161524K, capacity 165909K, committed 170196K, reserved 1198080K
  class space    used 19498K, capacity 21121K, committed 22092K, reserved 1048576K
}
Event: 15088.845 GC heap before
{Heap before GC invocations=194 (full 0):
 garbage-first heap   total 334848K, used 286665K [0x0000000080000000, 0x0000000100000000)
  region size 1024K, 108 young (110592K), 1 survivors (1024K)
 Metaspace       used 161534K, capacity 165910K, committed 170196K, reserved 1198080K
  class space    used 19498K, capacity 21121K, committed 22092K, reserved 1048576K
}
Event: 15088.854 GC heap after
{Heap after GC invocations=195 (full 0):
 garbage-first heap   total 334848K, used 177328K [0x0000000080000000, 0x0000000100000000)
  region size 1024K, 2 young (2048K), 2 survivors (2048K)
 Metaspace       used 161534K, capacity 165910K, committed 170196K, reserved 1198080K
  class space    used 19498K, capacity 21121K, committed 22092K, reserved 1048576K
}
Event: 15090.466 GC heap before
{Heap before GC invocations=196 (full 0):
 garbage-first heap   total 334848K, used 286896K [0x0000000080000000, 0x0000000100000000)
  region size 1024K, 109 young (111616K), 2 survivors (2048K)
 Metaspace       used 161664K, capacity 166002K, committed 170196K, reserved 1198080K
  class space    used 19512K, capacity 21130K, committed 22092K, reserved 1048576K
}
Event: 15090.477 GC heap after
{Heap after GC invocations=197 (full 0):
 garbage-first heap   total 334848K, used 178648K [0x0000000080000000, 0x0000000100000000)
  region size 1024K, 3 young (3072K), 3 survivors (3072K)
 Metaspace       used 161664K, capacity 166002K, committed 170196K, reserved 1198080K
  class space    used 19512K, capacity 21130K, committed 22092K, reserved 1048576K
}
Event: 15090.612 GC heap before
{Heap before GC invocations=197 (full 0):
 garbage-first heap   total 334848K, used 191960K [0x0000000080000000, 0x0000000100000000)
  region size 1024K, 16 young (16384K), 3 survivors (3072K)
 Metaspace       used 161677K, capacity 166002K, committed 170196K, reserved 1198080K
  class space    used 19513K, capacity 21130K, committed 22092K, reserved 1048576K
}
Event: 15090.626 GC heap after
{Heap after GC invocations=198 (full 0):
 garbage-first heap   total 334848K, used 177054K [0x0000000080000000, 0x0000000100000000)
  region size 1024K, 1 young (1024K), 1 survivors (1024K)
 Metaspace       used 161677K, capacity 166002K, committed 170196K, reserved 1198080K
  class space    used 19513K, capacity 21130K, committed 22092K, reserved 1048576K
}
Event: 15091.435 GC heap before
{Heap before GC invocations=198 (full 0):
 garbage-first heap   total 334848K, used 287646K [0x0000000080000000, 0x0000000100000000)
  region size 1024K, 109 young (111616K), 1 survivors (1024K)
 Metaspace       used 161781K, capacity 166185K, committed 170196K, reserved 1198080K
  class space    used 19528K, capacity 21170K, committed 22092K, reserved 1048576K
}
Event: 15091.447 GC heap after
{Heap after GC invocations=199 (full 0):
 garbage-first heap   total 334848K, used 177388K [0x0000000080000000, 0x0000000100000000)
  region size 1024K, 2 young (2048K), 2 survivors (2048K)
 Metaspace       used 161781K, capacity 166185K, committed 170196K, reserved 1198080K
  class space    used 19528K, capacity 21170K, committed 22092K, reserved 1048576K
}
Event: 15092.689 GC heap before
{Heap before GC invocations=200 (full 0):
 garbage-first heap   total 334848K, used 287980K [0x0000000080000000, 0x0000000100000000)
  region size 1024K, 110 young (112640K), 2 survivors (2048K)
 Metaspace       used 161892K, capacity 166297K, committed 170196K, reserved 1198080K
  class space    used 19537K, capacity 21183K, committed 22092K, reserved 1048576K
}
Event: 15092.698 GC heap after
{Heap after GC invocations=201 (full 0):
 garbage-first heap   total 334848K, used 178017K [0x0000000080000000, 0x0000000100000000)
  region size 1024K, 2 young (2048K), 2 survivors (2048K)
 Metaspace       used 161892K, capacity 166297K, committed 170196K, reserved 1198080K
  class space    used 19537K, capacity 21183K, committed 22092K, reserved 1048576K
}
Event: 15092.812 GC heap before
{Heap before GC invocations=201 (full 0):
 garbage-first heap   total 334848K, used 192353K [0x0000000080000000, 0x0000000100000000)
  region size 1024K, 16 young (16384K), 2 survivors (2048K)
 Metaspace       used 161896K, capacity 166297K, committed 170196K, reserved 1198080K
  class space    used 19537K, capacity 21183K, committed 22092K, reserved 1048576K
}
Event: 15092.828 GC heap after
{Heap after GC invocations=202 (full 0):
 garbage-first heap   total 334848K, used 173305K [0x0000000080000000, 0x0000000100000000)
  region size 1024K, 1 young (1024K), 1 survivors (1024K)
 Metaspace       used 161896K, capacity 166297K, committed 170196K, reserved 1198080K
  class space    used 19537K, capacity 21183K, committed 22092K, reserved 1048576K
}
Event: 15094.529 GC heap before
{Heap before GC invocations=202 (full 0):
 garbage-first heap   total 334848K, used 285945K [0x0000000080000000, 0x0000000100000000)
  region size 1024K, 111 young (113664K), 1 survivors (1024K)
 Metaspace       used 162174K, capacity 166625K, committed 170196K, reserved 1198080K
  class space    used 19591K, capacity 21272K, committed 22092K, reserved 1048576K
}
Event: 15094.540 GC heap after
{Heap after GC invocations=203 (full 0):
 garbage-first heap   total 334848K, used 176267K [0x0000000080000000, 0x0000000100000000)
  region size 1024K, 4 young (4096K), 4 survivors (4096K)
 Metaspace       used 162174K, capacity 166625K, committed 170196K, reserved 1198080K
  class space    used 19591K, capacity 21272K, committed 22092K, reserved 1048576K
}
Event: 15096.094 GC heap before
{Heap before GC invocations=204 (full 0):
 garbage-first heap   total 334848K, used 290955K [0x0000000080000000, 0x0000000100000000)
  region size 1024K, 115 young (117760K), 4 survivors (4096K)
 Metaspace       used 162278K, capacity 166778K, committed 170196K, reserved 1198080K
  class space    used 19595K, capacity 21277K, committed 22092K, reserved 1048576K
}

