# JRE version: OpenJDK Runtime Environment (11.0.12+7) (build 11.0.12+7-b1504.28-7817840)
# Java VM: OpenJDK 64-Bit Server VM (11.0.12+7-b1504.28-7817840, mixed mode, tiered, compressed oops, g1 gc, windows-amd64)
Heap:
 garbage-first heap   total 189440K, used 154476K [0x0000000080000000, 0x0000000100000000)
  region size 1024K, 57 young (58368K), 5 survivors (5120K)
 Metaspace       used 102958K, capacity 105580K, committed 105716K, reserved 1140736K
  class space    used 12740K, capacity 13693K, committed 13796K, reserved 1048576K
GC Heap History (20 events):
Event: 39.526 GC heap before
{Heap before GC invocations=29 (full 0):
 garbage-first heap   total 189440K, used 114812K [0x0000000080000000, 0x0000000100000000)
  region size 1024K, 31 young (31744K), 4 survivors (4096K)
 Metaspace       used 93228K, capacity 95568K, committed 95860K, reserved 1132544K
  class space    used 11975K, capacity 12818K, committed 12900K, reserved 1048576K
}
Event: 39.543 GC heap after
{Heap after GC invocations=30 (full 0):
 garbage-first heap   total 189440K, used 90588K [0x0000000080000000, 0x0000000100000000)
  region size 1024K, 5 young (5120K), 5 survivors (5120K)
 Metaspace       used 93228K, capacity 95568K, committed 95860K, reserved 1132544K
  class space    used 11975K, capacity 12818K, committed 12900K, reserved 1048576K
}
Event: 69.983 GC heap before
{Heap before GC invocations=31 (full 0):
 garbage-first heap   total 189440K, used 166364K [0x0000000080000000, 0x0000000100000000)
  region size 1024K, 63 young (64512K), 5 survivors (5120K)
 Metaspace       used 97744K, capacity 100111K, committed 100340K, reserved 1136640K
  class space    used 12332K, capacity 13199K, committed 13284K, reserved 1048576K
}
Event: 69.998 GC heap after
{Heap after GC invocations=32 (full 0):
 garbage-first heap   total 189440K, used 90567K [0x0000000080000000, 0x0000000100000000)
  region size 1024K, 7 young (7168K), 7 survivors (7168K)
 Metaspace       used 97744K, capacity 100111K, committed 100340K, reserved 1136640K
  class space    used 12332K, capacity 13199K, committed 13284K, reserved 1048576K
}
Event: 167.209 GC heap before
{Heap before GC invocations=32 (full 0):
 garbage-first heap   total 189440K, used 149959K [0x0000000080000000, 0x0000000100000000)
  region size 1024K, 66 young (67584K), 7 survivors (7168K)
 Metaspace       used 98359K, capacity 100860K, committed 101108K, reserved 1136640K
  class space    used 12358K, capacity 13272K, committed 13284K, reserved 1048576K
}
Event: 167.220 GC heap after
{Heap after GC invocations=33 (full 0):
 garbage-first heap   total 189440K, used 89943K [0x0000000080000000, 0x0000000100000000)
  region size 1024K, 4 young (4096K), 4 survivors (4096K)
 Metaspace       used 98359K, capacity 100860K, committed 101108K, reserved 1136640K
  class space    used 12358K, capacity 13272K, committed 13284K, reserved 1048576K
}
Event: 168.061 GC heap before
{Heap before GC invocations=33 (full 0):
 garbage-first heap   total 189440K, used 108375K [0x0000000080000000, 0x0000000100000000)
  region size 1024K, 24 young (24576K), 4 survivors (4096K)
 Metaspace       used 98641K, capacity 101154K, committed 101364K, reserved 1138688K
  class space    used 12370K, capacity 13280K, committed 13284K, reserved 1048576K
}
Event: 168.075 GC heap after
{Heap after GC invocations=34 (full 0):
 garbage-first heap   total 189440K, used 92328K [0x0000000080000000, 0x0000000100000000)
  region size 1024K, 7 young (7168K), 7 survivors (7168K)
 Metaspace       used 98641K, capacity 101154K, committed 101364K, reserved 1138688K
  class space    used 12370K, capacity 13280K, committed 13284K, reserved 1048576K
}
Event: 171.573 GC heap before
{Heap before GC invocations=35 (full 0):
 garbage-first heap   total 189440K, used 170152K [0x0000000080000000, 0x0000000100000000)
  region size 1024K, 65 young (66560K), 7 survivors (7168K)
 Metaspace       used 101638K, capacity 104081K, committed 104308K, reserved 1140736K
  class space    used 12657K, capacity 13546K, committed 13668K, reserved 1048576K
}
Event: 171.593 GC heap after
{Heap after GC invocations=36 (full 0):
 garbage-first heap   total 189440K, used 92563K [0x0000000080000000, 0x0000000100000000)
  region size 1024K, 4 young (4096K), 4 survivors (4096K)
 Metaspace       used 101638K, capacity 104081K, committed 104308K, reserved 1140736K
  class space    used 12657K, capacity 13546K, committed 13668K, reserved 1048576K
}
Event: 171.671 GC heap before
{Heap before GC invocations=36 (full 0):
 garbage-first heap   total 189440K, used 97683K [0x0000000080000000, 0x0000000100000000)
  region size 1024K, 9 young (9216K), 4 survivors (4096K)
 Metaspace       used 101825K, capacity 104275K, committed 104564K, reserved 1140736K
  class space    used 12682K, capacity 13588K, committed 13668K, reserved 1048576K
}
Event: 171.681 GC heap after
{Heap after GC invocations=37 (full 0):
 garbage-first heap   total 189440K, used 92331K [0x0000000080000000, 0x0000000100000000)
  region size 1024K, 2 young (2048K), 2 survivors (2048K)
 Metaspace       used 101825K, capacity 104275K, committed 104564K, reserved 1140736K
  class space    used 12682K, capacity 13588K, committed 13668K, reserved 1048576K
}
Event: 175.096 GC heap before
{Heap before GC invocations=37 (full 0):
 garbage-first heap   total 189440K, used 152747K [0x0000000080000000, 0x0000000100000000)
  region size 1024K, 62 young (63488K), 2 survivors (2048K)
 Metaspace       used 102151K, capacity 104699K, committed 104820K, reserved 1140736K
  class space    used 12711K, capacity 13641K, committed 13668K, reserved 1048576K
}
Event: 175.128 GC heap after
{Heap after GC invocations=38 (full 0):
 garbage-first heap   total 189440K, used 98757K [0x0000000080000000, 0x0000000100000000)
  region size 1024K, 8 young (8192K), 8 survivors (8192K)
 Metaspace       used 102151K, capacity 104699K, committed 104820K, reserved 1140736K
  class space    used 12711K, capacity 13641K, committed 13668K, reserved 1048576K
}
Event: 233.277 GC heap before
{Heap before GC invocations=39 (full 0):
 garbage-first heap   total 189440K, used 172485K [0x0000000080000000, 0x0000000100000000)
  region size 1024K, 62 young (63488K), 8 survivors (8192K)
 Metaspace       used 102591K, capacity 105208K, committed 105332K, reserved 1140736K
  class space    used 12722K, capacity 13661K, committed 13668K, reserved 1048576K
}
Event: 233.293 GC heap after
{Heap after GC invocations=40 (full 0):
 garbage-first heap   total 189440K, used 97720K [0x0000000080000000, 0x0000000100000000)
  region size 1024K, 5 young (5120K), 5 survivors (5120K)
 Metaspace       used 102591K, capacity 105208K, committed 105332K, reserved 1140736K
  class space    used 12722K, capacity 13661K, committed 13668K, reserved 1048576K
}
Event: 233.430 GC heap before
{Heap before GC invocations=40 (full 0):
 garbage-first heap   total 189440K, used 101816K [0x0000000080000000, 0x0000000100000000)
  region size 1024K, 9 young (9216K), 5 survivors (5120K)
 Metaspace       used 102595K, capacity 105208K, committed 105332K, reserved 1140736K
  class space    used 12722K, capacity 13661K, committed 13668K, reserved 1048576K
}
Event: 233.443 GC heap after
{Heap after GC invocations=41 (full 0):
 garbage-first heap   total 189440K, used 98144K [0x0000000080000000, 0x0000000100000000)
  region size 1024K, 2 young (2048K), 2 survivors (2048K)
 Metaspace       used 102595K, capacity 105208K, committed 105332K, reserved 1140736K
  class space    used 12722K, capacity 13661K, committed 13668K, reserved 1048576K
}
Event: 347.393 GC heap before
{Heap before GC invocations=41 (full 0):
 garbage-first heap   total 189440K, used 151392K [0x0000000080000000, 0x0000000100000000)
  region size 1024K, 55 young (56320K), 2 survivors (2048K)
 Metaspace       used 102778K, capacity 105372K, committed 105716K, reserved 1140736K
  class space    used 12738K, capacity 13691K, committed 13796K, reserved 1048576K
}
Event: 347.411 GC heap after
{Heap after GC invocations=42 (full 0):
 garbage-first heap   total 189440K, used 101228K [0x0000000080000000, 0x0000000100000000)
  region size 1024K, 5 young (5120K), 5 survivors (5120K)
 Metaspace       used 102778K, capacity 105372K, committed 105716K, reserved 1140736K
  class space    used 12738K, capacity 13691K, committed 13796K, reserved 1048576K
}

