# JRE version: OpenJDK Runtime Environment (11.0.12+7) (build 11.0.12+7-b1504.28-7817840)
# Java VM: OpenJDK 64-Bit Server VM (11.0.12+7-b1504.28-7817840, mixed mode, tiered, compressed oops, g1 gc, windows-amd64)
Heap:
 garbage-first heap   total 189440K, used 93409K [0x0000000080000000, 0x0000000100000000)
  region size 1024K, 9 young (9216K), 7 survivors (7168K)
 Metaspace       used 98168K, capacity 100394K, committed 100560K, reserved 1136640K
  class space    used 12309K, capacity 13124K, committed 13132K, reserved 1048576K
GC Heap History (20 events):
Event: 36.609 GC heap before
{Heap before GC invocations=20 (full 0):
 garbage-first heap   total 189440K, used 149177K [0x0000000080000000, 0x0000000100000000)
  region size 1024K, 81 young (82944K), 7 survivors (7168K)
 Metaspace       used 86906K, capacity 89054K, committed 89296K, reserved 1126400K
  class space    used 11221K, capacity 12023K, committed 12108K, reserved 1048576K
}
Event: 36.644 GC heap after
{Heap after GC invocations=21 (full 0):
 garbage-first heap   total 189440K, used 88925K [0x0000000080000000, 0x0000000100000000)
  region size 1024K, 11 young (11264K), 11 survivors (11264K)
 Metaspace       used 86906K, capacity 89054K, committed 89296K, reserved 1126400K
  class space    used 11221K, capacity 12023K, committed 12108K, reserved 1048576K
}
Event: 37.043 GC heap before
{Heap before GC invocations=21 (full 0):
 garbage-first heap   total 189440K, used 106333K [0x0000000080000000, 0x0000000100000000)
  region size 1024K, 23 young (23552K), 11 survivors (11264K)
 Metaspace       used 87068K, capacity 89246K, committed 89552K, reserved 1126400K
  class space    used 11230K, capacity 12023K, committed 12108K, reserved 1048576K
}
Event: 37.069 GC heap after
{Heap after GC invocations=22 (full 0):
 garbage-first heap   total 189440K, used 95736K [0x0000000080000000, 0x0000000100000000)
  region size 1024K, 5 young (5120K), 5 survivors (5120K)
 Metaspace       used 87068K, capacity 89246K, committed 89552K, reserved 1126400K
  class space    used 11230K, capacity 12023K, committed 12108K, reserved 1048576K
}
Event: 37.662 GC heap before
{Heap before GC invocations=23 (full 0):
 garbage-first heap   total 189440K, used 114168K [0x0000000080000000, 0x0000000100000000)
  region size 1024K, 22 young (22528K), 5 survivors (5120K)
 Metaspace       used 87092K, capacity 89252K, committed 89552K, reserved 1126400K
  class space    used 11220K, capacity 12000K, committed 12108K, reserved 1048576K
}
Event: 37.682 GC heap after
{Heap after GC invocations=24 (full 0):
 garbage-first heap   total 189440K, used 100352K [0x0000000080000000, 0x0000000100000000)
  region size 1024K, 6 young (6144K), 6 survivors (6144K)
 Metaspace       used 87092K, capacity 89252K, committed 89552K, reserved 1126400K
  class space    used 11220K, capacity 12000K, committed 12108K, reserved 1048576K
}
Event: 39.475 GC heap before
{Heap before GC invocations=25 (full 0):
 garbage-first heap   total 189440K, used 151552K [0x0000000080000000, 0x0000000100000000)
  region size 1024K, 40 young (40960K), 6 survivors (6144K)
 Metaspace       used 89724K, capacity 91909K, committed 91984K, reserved 1128448K
  class space    used 11441K, capacity 12224K, committed 12236K, reserved 1048576K
}
Event: 39.498 GC heap after
{Heap after GC invocations=26 (full 0):
 garbage-first heap   total 189440K, used 105291K [0x0000000080000000, 0x0000000100000000)
  region size 1024K, 5 young (5120K), 5 survivors (5120K)
 Metaspace       used 89724K, capacity 91909K, committed 91984K, reserved 1128448K
  class space    used 11441K, capacity 12224K, committed 12236K, reserved 1048576K
}
Event: 40.207 GC heap before
{Heap before GC invocations=26 (full 0):
 garbage-first heap   total 189440K, used 139083K [0x0000000080000000, 0x0000000100000000)
  region size 1024K, 39 young (39936K), 5 survivors (5120K)
 Metaspace       used 92416K, capacity 94566K, committed 94800K, reserved 1132544K
  class space    used 11669K, capacity 12465K, committed 12492K, reserved 1048576K
}
Event: 40.213 GC heap after
{Heap after GC invocations=27 (full 0):
 garbage-first heap   total 189440K, used 102871K [0x0000000080000000, 0x0000000100000000)
  region size 1024K, 1 young (1024K), 1 survivors (1024K)
 Metaspace       used 92416K, capacity 94566K, committed 94800K, reserved 1132544K
  class space    used 11669K, capacity 12465K, committed 12492K, reserved 1048576K
}
Event: 42.091 GC heap before
{Heap before GC invocations=28 (full 0):
 garbage-first heap   total 189440K, used 128471K [0x0000000080000000, 0x0000000100000000)
  region size 1024K, 38 young (38912K), 1 survivors (1024K)
 Metaspace       used 93323K, capacity 95503K, committed 95696K, reserved 1132544K
  class space    used 11744K, capacity 12542K, committed 12620K, reserved 1048576K
}
Event: 42.102 GC heap after
{Heap after GC invocations=29 (full 0):
 garbage-first heap   total 189440K, used 93581K [0x0000000080000000, 0x0000000100000000)
  region size 1024K, 3 young (3072K), 3 survivors (3072K)
 Metaspace       used 93323K, capacity 95503K, committed 95696K, reserved 1132544K
  class space    used 11744K, capacity 12542K, committed 12620K, reserved 1048576K
}
Event: 42.176 GC heap before
{Heap before GC invocations=29 (full 0):
 garbage-first heap   total 189440K, used 98701K [0x0000000080000000, 0x0000000100000000)
  region size 1024K, 9 young (9216K), 3 survivors (3072K)
 Metaspace       used 93340K, capacity 95504K, committed 95696K, reserved 1132544K
  class space    used 11744K, capacity 12542K, committed 12620K, reserved 1048576K
}
Event: 42.186 GC heap after
{Heap after GC invocations=30 (full 0):
 garbage-first heap   total 189440K, used 83832K [0x0000000080000000, 0x0000000100000000)
  region size 1024K, 1 young (1024K), 1 survivors (1024K)
 Metaspace       used 93340K, capacity 95504K, committed 95696K, reserved 1132544K
  class space    used 11744K, capacity 12542K, committed 12620K, reserved 1048576K
}
Event: 46.776 GC heap before
{Heap before GC invocations=30 (full 0):
 garbage-first heap   total 189440K, used 131960K [0x0000000080000000, 0x0000000100000000)
  region size 1024K, 49 young (50176K), 1 survivors (1024K)
 Metaspace       used 95554K, capacity 97736K, committed 98000K, reserved 1134592K
  class space    used 12009K, capacity 12840K, committed 12876K, reserved 1048576K
}
Event: 46.784 GC heap after
{Heap after GC invocations=31 (full 0):
 garbage-first heap   total 189440K, used 85903K [0x0000000080000000, 0x0000000100000000)
  region size 1024K, 3 young (3072K), 3 survivors (3072K)
 Metaspace       used 95554K, capacity 97736K, committed 98000K, reserved 1134592K
  class space    used 12009K, capacity 12840K, committed 12876K, reserved 1048576K
}
Event: 47.827 GC heap before
{Heap before GC invocations=31 (full 0):
 garbage-first heap   total 189440K, used 136079K [0x0000000080000000, 0x0000000100000000)
  region size 1024K, 53 young (54272K), 3 survivors (3072K)
 Metaspace       used 97794K, capacity 100040K, committed 100304K, reserved 1136640K
  class space    used 12258K, capacity 13069K, committed 13132K, reserved 1048576K
}
Event: 47.839 GC heap after
{Heap after GC invocations=32 (full 0):
 garbage-first heap   total 189440K, used 89589K [0x0000000080000000, 0x0000000100000000)
  region size 1024K, 7 young (7168K), 7 survivors (7168K)
 Metaspace       used 97794K, capacity 100040K, committed 100304K, reserved 1136640K
  class space    used 12258K, capacity 13069K, committed 13132K, reserved 1048576K
}
Event: 53.415 GC heap before
{Heap before GC invocations=32 (full 0):
 garbage-first heap   total 189440K, used 139765K [0x0000000080000000, 0x0000000100000000)
  region size 1024K, 57 young (58368K), 7 survivors (7168K)
 Metaspace       used 98149K, capacity 100388K, committed 100560K, reserved 1136640K
  class space    used 12307K, capacity 13123K, committed 13132K, reserved 1048576K
}
Event: 53.434 GC heap after
{Heap after GC invocations=33 (full 0):
 garbage-first heap   total 189440K, used 92385K [0x0000000080000000, 0x0000000100000000)
  region size 1024K, 7 young (7168K), 7 survivors (7168K)
 Metaspace       used 98149K, capacity 100388K, committed 100560K, reserved 1136640K
  class space    used 12307K, capacity 13123K, committed 13132K, reserved 1048576K
}

